#
# There is insufficient memory for the Java Runtime Environment to continue.
# Native memory allocation (malloc) failed to allocate 636336 bytes for Chunk::new
# Possible reasons:
#   The system is out of physical RAM or swap space
#   The process is running with CompressedOops enabled, and the Java Heap may be blocking the growth of the native heap
# Possible solutions:
#   Reduce memory load on the system
#   Increase physical memory or swap space
#   Check if swap backing store is full
#   Decrease Java heap size (-Xmx/-Xms)
#   Decrease number of Java threads
#   Decrease Java thread stack sizes (-Xss)
#   Set larger code cache with -XX:ReservedCodeCacheSize=
#   JVM is running with Unscaled Compressed Oops mode in which the Java heap is
#     placed in the first 4GB address space. The Java Heap base address is the
#     maximum limit for the native heap growth. Please use -XX:HeapBaseMinAddress
#     to set the Java Heap base and to place the Java Heap above 4GB virtual address.
# This output file may be truncated or incomplete.
#
#  Out of Memory Error (./src/hotspot/share/memory/arena.cpp:197), pid=14696, tid=15300
#
# JRE version: OpenJDK Runtime Environment (11.0.8+10) (build 11.0.8+10-b944.6842174)
# Java VM: OpenJDK 64-Bit Server VM (11.0.8+10-b944.6842174, mixed mode, tiered, compressed oops, g1 gc, windows-amd64)
# No core dump will be written. Minidumps are not enabled by default on client versions of Windows
#

---------------  S U M M A R Y ------------

Command Line: -Dorg.gradle.appname=gradlew org.gradle.wrapper.GradleWrapperMain -q -Ptarget-platform=android-x86 -Ptarget=C:\Users\venu\Desktop\flutter\bs_calculator\lib\main.dart -Pdart-defines=Zmx1dHRlci5pbnNwZWN0b3Iuc3RydWN0dXJlZEVycm9ycz10cnVl,RkxVVFRFUl9XRUJfQVVUT19ERVRFQ1Q9dHJ1ZQ== -Pdart-obfuscation=false -Ptrack-widget-creation=true -Ptree-shake-icons=false -Pfilesystem-scheme=org-dartlang-root assembleDebug

Host: Intel(R) Core(TM) i5-9300H CPU @ 2.40GHz, 8 cores, 7G,  Windows 10 , 64 bit Build 22000 (10.0.22000.434)
Time: Mon Jan 24 16:56:18 2022 India Standard Time elapsed time: 211 seconds (0d 0h 3m 31s)

---------------  T H R E A D  ---------------

Current thread (0x0000021533f4c000):  JavaThread "C2 CompilerThread0" daemon [_thread_in_native, id=15300, stack(0x0000008e08f00000,0x0000008e09000000)]


Current CompileTask:
C2: 211861 2325       4       java.util.jar.Manifest::read (339 bytes)

Stack: [0x0000008e08f00000,0x0000008e09000000]
Native frames: (J=compiled Java code, j=interpreted, Vv=VM code, C=native code)
V  [jvm.dll+0x5de50a]
V  [jvm.dll+0x7122f5]
V  [jvm.dll+0x71384d]
V  [jvm.dll+0x713f03]
V  [jvm.dll+0x23e728]
V  [jvm.dll+0xb899c]
V  [jvm.dll+0xb8e9c]
V  [jvm.dll+0x35024d]
V  [jvm.dll+0x193cbc]
V  [jvm.dll+0x1f780e]
V  [jvm.dll+0x1f68d4]
V  [jvm.dll+0x17f32c]
V  [jvm.dll+0x205047]
V  [jvm.dll+0x203891]
V  [jvm.dll+0x6dad3f]
V  [jvm.dll+0x6d3895]
V  [jvm.dll+0x5dd4a6]
C  [ucrtbase.dll+0x26c0c]
C  [KERNEL32.DLL+0x154e0]
C  [ntdll.dll+0x485b]


---------------  P R O C E S S  ---------------

Threads class SMR info:
_java_thread_list=0x0000021535165230, length=11, elements={
0x0000021519441800, 0x00000215335d0000, 0x00000215335d1800, 0x0000021533f48000,
0x0000021533f49000, 0x0000021533f4c000, 0x0000021533f4f800, 0x00000215335ef000,
0x0000021534098000, 0x00000215340c2000, 0x0000021534908000
}

Java Threads: ( => current thread )
  0x0000021519441800 JavaThread "main" [_thread_in_vm, id=13836, stack(0x0000008e08400000,0x0000008e08500000)]
  0x00000215335d0000 JavaThread "Reference Handler" daemon [_thread_blocked, id=15192, stack(0x0000008e08b00000,0x0000008e08c00000)]
  0x00000215335d1800 JavaThread "Finalizer" daemon [_thread_blocked, id=15188, stack(0x0000008e08c00000,0x0000008e08d00000)]
  0x0000021533f48000 JavaThread "Signal Dispatcher" daemon [_thread_blocked, id=15272, stack(0x0000008e08d00000,0x0000008e08e00000)]
  0x0000021533f49000 JavaThread "Attach Listener" daemon [_thread_blocked, id=15176, stack(0x0000008e08e00000,0x0000008e08f00000)]
=>0x0000021533f4c000 JavaThread "C2 CompilerThread0" daemon [_thread_in_native, id=15300, stack(0x0000008e08f00000,0x0000008e09000000)]
  0x0000021533f4f800 JavaThread "C1 CompilerThread0" daemon [_thread_blocked, id=15180, stack(0x0000008e09000000,0x0000008e09100000)]
  0x00000215335ef000 JavaThread "Sweeper thread" daemon [_thread_blocked, id=15252, stack(0x0000008e09100000,0x0000008e09200000)]
  0x0000021534098000 JavaThread "Service Thread" daemon [_thread_blocked, id=15276, stack(0x0000008e09200000,0x0000008e09300000)]
  0x00000215340c2000 JavaThread "Common-Cleaner" daemon [_thread_blocked, id=1524, stack(0x0000008e09400000,0x0000008e09500000)]
  0x0000021534908000 JavaThread "pool-1-thread-1" [_thread_blocked, id=3456, stack(0x0000008e09600000,0x0000008e09700000)]

Other Threads:
  0x00000215335aa800 VMThread "VM Thread" [stack: 0x0000008e08a00000,0x0000008e08b00000] [id=11024]
  0x00000215340c1800 WatcherThread [stack: 0x0000008e09300000,0x0000008e09400000] [id=12676]
  0x0000021519459000 GCTaskThread "GC Thread#0" [stack: 0x0000008e08500000,0x0000008e08600000] [id=12912]
  0x0000021534a89000 GCTaskThread "GC Thread#1" [stack: 0x0000008e09700000,0x0000008e09800000] [id=4008]
  0x0000021534e11800 GCTaskThread "GC Thread#2" [stack: 0x0000008e09800000,0x0000008e09900000] [id=13500]
  0x0000021534904800 GCTaskThread "GC Thread#3" [stack: 0x0000008e09900000,0x0000008e09a00000] [id=7992]
  0x0000021537ee0800 GCTaskThread "GC Thread#4" [stack: 0x0000008e09d00000,0x0000008e09e00000] [id=15004]
  0x0000021534a3c800 GCTaskThread "GC Thread#5" [stack: 0x0000008e09e00000,0x0000008e09f00000] [id=6660]
  0x0000021519489800 ConcurrentGCThread "G1 Main Marker" [stack: 0x0000008e08600000,0x0000008e08700000] [id=6260]
  0x000002151948b000 ConcurrentGCThread "G1 Conc#0" [stack: 0x0000008e08700000,0x0000008e08800000] [id=14912]
  0x0000021533412800 ConcurrentGCThread "G1 Refine#0" [stack: 0x0000008e08800000,0x0000008e08900000] [id=11200]
  0x0000021533413000 ConcurrentGCThread "G1 Young RemSet Sampling" [stack: 0x0000008e08900000,0x0000008e08a00000] [id=10712]

Threads with active compile tasks:
C2 CompilerThread0 211907 2325       4       java.util.jar.Manifest::read (339 bytes)

VM state:not at safepoint (normal execution)

VM Mutex/Monitor currently owned by a thread: None

Heap address: 0x0000000082800000, size: 2008 MB, Compressed Oops mode: 32-bit
Narrow klass base: 0x0000000000000000, Narrow klass shift: 3
Compressed class space size: 1073741824 Address: 0x0000000100000000

Heap:
 garbage-first heap   total 129024K, used 13800K [0x0000000082800000, 0x0000000100000000)
  region size 1024K, 6 young (6144K), 3 survivors (3072K)
 Metaspace       used 16800K, capacity 17076K, committed 17408K, reserved 1064960K
  class space    used 1834K, capacity 1948K, committed 2048K, reserved 1048576K
Heap Regions: E=young(eden), S=young(survivor), O=old, HS=humongous(starts), HC=humongous(continues), CS=collection set, F=free, A=archive, TAMS=top-at-mark-start (previous, next)
|   0|0x0000000082800000, 0x0000000082900000, 0x0000000082900000|100%| O|  |TAMS 0x0000000082800000, 0x0000000082800000| Untracked 
|   1|0x0000000082900000, 0x0000000082a00000, 0x0000000082a00000|100%| O|  |TAMS 0x0000000082900000, 0x0000000082900000| Untracked 
|   2|0x0000000082a00000, 0x0000000082a7a200, 0x0000000082b00000| 47%| O|  |TAMS 0x0000000082a00000, 0x0000000082a00000| Untracked 
|   3|0x0000000082b00000, 0x0000000082c00000, 0x0000000082c00000|100%|HS|  |TAMS 0x0000000082b00000, 0x0000000082b00000| Complete 
|   4|0x0000000082c00000, 0x0000000082d00000, 0x0000000082d00000|100%|HC|  |TAMS 0x0000000082c00000, 0x0000000082c00000| Complete 
|   5|0x0000000082d00000, 0x0000000082e00000, 0x0000000082e00000|100%|HC|  |TAMS 0x0000000082d00000, 0x0000000082d00000| Complete 
|   6|0x0000000082e00000, 0x0000000082f00000, 0x0000000082f00000|100%| O|  |TAMS 0x0000000082e00000, 0x0000000082e00000| Untracked 
|   7|0x0000000082f00000, 0x0000000083000000, 0x0000000083000000|100%| O|  |TAMS 0x0000000082f00000, 0x0000000082f00000| Untracked 
|   8|0x0000000083000000, 0x0000000083100000, 0x0000000083100000|100%| O|  |TAMS 0x0000000083000000, 0x0000000083000000| Untracked 
|   9|0x0000000083100000, 0x0000000083100000, 0x0000000083200000|  0%| F|  |TAMS 0x0000000083100000, 0x0000000083100000| Untracked 
|  10|0x0000000083200000, 0x0000000083200000, 0x0000000083300000|  0%| F|  |TAMS 0x0000000083200000, 0x0000000083200000| Untracked 
|  11|0x0000000083300000, 0x0000000083300000, 0x0000000083400000|  0%| F|  |TAMS 0x0000000083300000, 0x0000000083300000| Untracked 
|  12|0x0000000083400000, 0x0000000083400000, 0x0000000083500000|  0%| F|  |TAMS 0x0000000083400000, 0x0000000083400000| Untracked 
|  13|0x0000000083500000, 0x0000000083500000, 0x0000000083600000|  0%| F|  |TAMS 0x0000000083500000, 0x0000000083500000| Untracked 
|  14|0x0000000083600000, 0x0000000083600000, 0x0000000083700000|  0%| F|  |TAMS 0x0000000083600000, 0x0000000083600000| Untracked 
|  15|0x0000000083700000, 0x0000000083700000, 0x0000000083800000|  0%| F|  |TAMS 0x0000000083700000, 0x0000000083700000| Untracked 
|  16|0x0000000083800000, 0x0000000083800000, 0x0000000083900000|  0%| F|  |TAMS 0x0000000083800000, 0x0000000083800000| Untracked 
|  17|0x0000000083900000, 0x0000000083900000, 0x0000000083a00000|  0%| F|  |TAMS 0x0000000083900000, 0x0000000083900000| Untracked 
|  18|0x0000000083a00000, 0x0000000083a00000, 0x0000000083b00000|  0%| F|  |TAMS 0x0000000083a00000, 0x0000000083a00000| Untracked 
|  19|0x0000000083b00000, 0x0000000083b00000, 0x0000000083c00000|  0%| F|  |TAMS 0x0000000083b00000, 0x0000000083b00000| Untracked 
|  20|0x0000000083c00000, 0x0000000083c00000, 0x0000000083d00000|  0%| F|  |TAMS 0x0000000083c00000, 0x0000000083c00000| Untracked 
|  21|0x0000000083d00000, 0x0000000083d00000, 0x0000000083e00000|  0%| F|  |TAMS 0x0000000083d00000, 0x0000000083d00000| Untracked 
|  22|0x0000000083e00000, 0x0000000083e00000, 0x0000000083f00000|  0%| F|  |TAMS 0x0000000083e00000, 0x0000000083e00000| Untracked 
|  23|0x0000000083f00000, 0x0000000083f00000, 0x0000000084000000|  0%| F|  |TAMS 0x0000000083f00000, 0x0000000083f00000| Untracked 
|  24|0x0000000084000000, 0x0000000084000000, 0x0000000084100000|  0%| F|  |TAMS 0x0000000084000000, 0x0000000084000000| Untracked 
|  25|0x0000000084100000, 0x0000000084100000, 0x0000000084200000|  0%| F|  |TAMS 0x0000000084100000, 0x0000000084100000| Untracked 
|  26|0x0000000084200000, 0x0000000084200000, 0x0000000084300000|  0%| F|  |TAMS 0x0000000084200000, 0x0000000084200000| Untracked 
|  27|0x0000000084300000, 0x0000000084300000, 0x0000000084400000|  0%| F|  |TAMS 0x0000000084300000, 0x0000000084300000| Untracked 
|  28|0x0000000084400000, 0x0000000084400000, 0x0000000084500000|  0%| F|  |TAMS 0x0000000084400000, 0x0000000084400000| Untracked 
|  29|0x0000000084500000, 0x0000000084500000, 0x0000000084600000|  0%| F|  |TAMS 0x0000000084500000, 0x0000000084500000| Untracked 
|  30|0x0000000084600000, 0x0000000084600000, 0x0000000084700000|  0%| F|  |TAMS 0x0000000084600000, 0x0000000084600000| Untracked 
|  31|0x0000000084700000, 0x0000000084700000, 0x0000000084800000|  0%| F|  |TAMS 0x0000000084700000, 0x0000000084700000| Untracked 
|  32|0x0000000084800000, 0x0000000084800000, 0x0000000084900000|  0%| F|  |TAMS 0x0000000084800000, 0x0000000084800000| Untracked 
|  33|0x0000000084900000, 0x0000000084900000, 0x0000000084a00000|  0%| F|  |TAMS 0x0000000084900000, 0x0000000084900000| Untracked 
|  34|0x0000000084a00000, 0x0000000084a00000, 0x0000000084b00000|  0%| F|  |TAMS 0x0000000084a00000, 0x0000000084a00000| Untracked 
|  35|0x0000000084b00000, 0x0000000084b00000, 0x0000000084c00000|  0%| F|  |TAMS 0x0000000084b00000, 0x0000000084b00000| Untracked 
|  36|0x0000000084c00000, 0x0000000084c00000, 0x0000000084d00000|  0%| F|  |TAMS 0x0000000084c00000, 0x0000000084c00000| Untracked 
|  37|0x0000000084d00000, 0x0000000084d00000, 0x0000000084e00000|  0%| F|  |TAMS 0x0000000084d00000, 0x0000000084d00000| Untracked 
|  38|0x0000000084e00000, 0x0000000084e00000, 0x0000000084f00000|  0%| F|  |TAMS 0x0000000084e00000, 0x0000000084e00000| Untracked 
|  39|0x0000000084f00000, 0x0000000084f00000, 0x0000000085000000|  0%| F|  |TAMS 0x0000000084f00000, 0x0000000084f00000| Untracked 
|  40|0x0000000085000000, 0x0000000085000000, 0x0000000085100000|  0%| F|  |TAMS 0x0000000085000000, 0x0000000085000000| Untracked 
|  41|0x0000000085100000, 0x0000000085100000, 0x0000000085200000|  0%| F|  |TAMS 0x0000000085100000, 0x0000000085100000| Untracked 
|  42|0x0000000085200000, 0x0000000085200000, 0x0000000085300000|  0%| F|  |TAMS 0x0000000085200000, 0x0000000085200000| Untracked 
|  43|0x0000000085300000, 0x0000000085300000, 0x0000000085400000|  0%| F|  |TAMS 0x0000000085300000, 0x0000000085300000| Untracked 
|  44|0x0000000085400000, 0x0000000085400000, 0x0000000085500000|  0%| F|  |TAMS 0x0000000085400000, 0x0000000085400000| Untracked 
|  45|0x0000000085500000, 0x0000000085500000, 0x0000000085600000|  0%| F|  |TAMS 0x0000000085500000, 0x0000000085500000| Untracked 
|  46|0x0000000085600000, 0x0000000085600000, 0x0000000085700000|  0%| F|  |TAMS 0x0000000085600000, 0x0000000085600000| Untracked 
|  47|0x0000000085700000, 0x0000000085700000, 0x0000000085800000|  0%| F|  |TAMS 0x0000000085700000, 0x0000000085700000| Untracked 
|  48|0x0000000085800000, 0x0000000085800000, 0x0000000085900000|  0%| F|  |TAMS 0x0000000085800000, 0x0000000085800000| Untracked 
|  49|0x0000000085900000, 0x0000000085a00000, 0x0000000085a00000|100%| S|CS|TAMS 0x0000000085900000, 0x0000000085900000| Complete 
|  50|0x0000000085a00000, 0x0000000085b00000, 0x0000000085b00000|100%| S|CS|TAMS 0x0000000085a00000, 0x0000000085a00000| Complete 
|  51|0x0000000085b00000, 0x0000000085b00000, 0x0000000085c00000|  0%| F|  |TAMS 0x0000000085b00000, 0x0000000085b00000| Untracked 
|  52|0x0000000085c00000, 0x0000000085c00000, 0x0000000085d00000|  0%| F|  |TAMS 0x0000000085c00000, 0x0000000085c00000| Untracked 
|  53|0x0000000085d00000, 0x0000000085e00000, 0x0000000085e00000|100%| S|CS|TAMS 0x0000000085d00000, 0x0000000085d00000| Complete 
|  54|0x0000000085e00000, 0x0000000085e00000, 0x0000000085f00000|  0%| F|  |TAMS 0x0000000085e00000, 0x0000000085e00000| Untracked 
|  55|0x0000000085f00000, 0x0000000085f00000, 0x0000000086000000|  0%| F|  |TAMS 0x0000000085f00000, 0x0000000085f00000| Untracked 
|  56|0x0000000086000000, 0x0000000086000000, 0x0000000086100000|  0%| F|  |TAMS 0x0000000086000000, 0x0000000086000000| Untracked 
|  57|0x0000000086100000, 0x0000000086100000, 0x0000000086200000|  0%| F|  |TAMS 0x0000000086100000, 0x0000000086100000| Untracked 
|  58|0x0000000086200000, 0x0000000086200000, 0x0000000086300000|  0%| F|  |TAMS 0x0000000086200000, 0x0000000086200000| Untracked 
|  59|0x0000000086300000, 0x0000000086300000, 0x0000000086400000|  0%| F|  |TAMS 0x0000000086300000, 0x0000000086300000| Untracked 
|  60|0x0000000086400000, 0x0000000086400000, 0x0000000086500000|  0%| F|  |TAMS 0x0000000086400000, 0x0000000086400000| Untracked 
|  61|0x0000000086500000, 0x0000000086500000, 0x0000000086600000|  0%| F|  |TAMS 0x0000000086500000, 0x0000000086500000| Untracked 
|  62|0x0000000086600000, 0x0000000086600000, 0x0000000086700000|  0%| F|  |TAMS 0x0000000086600000, 0x0000000086600000| Untracked 
|  63|0x0000000086700000, 0x0000000086700000, 0x0000000086800000|  0%| F|  |TAMS 0x0000000086700000, 0x0000000086700000| Untracked 
|  64|0x0000000086800000, 0x0000000086800000, 0x0000000086900000|  0%| F|  |TAMS 0x0000000086800000, 0x0000000086800000| Untracked 
|  65|0x0000000086900000, 0x0000000086900000, 0x0000000086a00000|  0%| F|  |TAMS 0x0000000086900000, 0x0000000086900000| Untracked 
|  66|0x0000000086a00000, 0x0000000086a00000, 0x0000000086b00000|  0%| F|  |TAMS 0x0000000086a00000, 0x0000000086a00000| Untracked 
|  67|0x0000000086b00000, 0x0000000086b00000, 0x0000000086c00000|  0%| F|  |TAMS 0x0000000086b00000, 0x0000000086b00000| Untracked 
|  68|0x0000000086c00000, 0x0000000086c00000, 0x0000000086d00000|  0%| F|  |TAMS 0x0000000086c00000, 0x0000000086c00000| Untracked 
|  69|0x0000000086d00000, 0x0000000086d00000, 0x0000000086e00000|  0%| F|  |TAMS 0x0000000086d00000, 0x0000000086d00000| Untracked 
|  70|0x0000000086e00000, 0x0000000086e00000, 0x0000000086f00000|  0%| F|  |TAMS 0x0000000086e00000, 0x0000000086e00000| Untracked 
|  71|0x0000000086f00000, 0x0000000086f00000, 0x0000000087000000|  0%| F|  |TAMS 0x0000000086f00000, 0x0000000086f00000| Untracked 
|  72|0x0000000087000000, 0x0000000087000000, 0x0000000087100000|  0%| F|  |TAMS 0x0000000087000000, 0x0000000087000000| Untracked 
|  73|0x0000000087100000, 0x0000000087100000, 0x0000000087200000|  0%| F|  |TAMS 0x0000000087100000, 0x0000000087100000| Untracked 
|  74|0x0000000087200000, 0x0000000087200000, 0x0000000087300000|  0%| F|  |TAMS 0x0000000087200000, 0x0000000087200000| Untracked 
|  75|0x0000000087300000, 0x0000000087300000, 0x0000000087400000|  0%| F|  |TAMS 0x0000000087300000, 0x0000000087300000| Untracked 
|  76|0x0000000087400000, 0x0000000087400000, 0x0000000087500000|  0%| F|  |TAMS 0x0000000087400000, 0x0000000087400000| Untracked 
|  77|0x0000000087500000, 0x0000000087500000, 0x0000000087600000|  0%| F|  |TAMS 0x0000000087500000, 0x0000000087500000| Untracked 
|  78|0x0000000087600000, 0x0000000087600000, 0x0000000087700000|  0%| F|  |TAMS 0x0000000087600000, 0x0000000087600000| Untracked 
|  79|0x0000000087700000, 0x0000000087700000, 0x0000000087800000|  0%| F|  |TAMS 0x0000000087700000, 0x0000000087700000| Untracked 
|  80|0x0000000087800000, 0x0000000087800000, 0x0000000087900000|  0%| F|  |TAMS 0x0000000087800000, 0x0000000087800000| Untracked 
|  81|0x0000000087900000, 0x0000000087900000, 0x0000000087a00000|  0%| F|  |TAMS 0x0000000087900000, 0x0000000087900000| Untracked 
|  82|0x0000000087a00000, 0x0000000087a00000, 0x0000000087b00000|  0%| F|  |TAMS 0x0000000087a00000, 0x0000000087a00000| Untracked 
|  83|0x0000000087b00000, 0x0000000087b00000, 0x0000000087c00000|  0%| F|  |TAMS 0x0000000087b00000, 0x0000000087b00000| Untracked 
|  84|0x0000000087c00000, 0x0000000087c00000, 0x0000000087d00000|  0%| F|  |TAMS 0x0000000087c00000, 0x0000000087c00000| Untracked 
|  85|0x0000000087d00000, 0x0000000087d00000, 0x0000000087e00000|  0%| F|  |TAMS 0x0000000087d00000, 0x0000000087d00000| Untracked 
|  86|0x0000000087e00000, 0x0000000087e00000, 0x0000000087f00000|  0%| F|  |TAMS 0x0000000087e00000, 0x0000000087e00000| Untracked 
|  87|0x0000000087f00000, 0x0000000087f00000, 0x0000000088000000|  0%| F|  |TAMS 0x0000000087f00000, 0x0000000087f00000| Untracked 
|  88|0x0000000088000000, 0x0000000088000000, 0x0000000088100000|  0%| F|  |TAMS 0x0000000088000000, 0x0000000088000000| Untracked 
|  89|0x0000000088100000, 0x0000000088100000, 0x0000000088200000|  0%| F|  |TAMS 0x0000000088100000, 0x0000000088100000| Untracked 
|  90|0x0000000088200000, 0x0000000088200000, 0x0000000088300000|  0%| F|  |TAMS 0x0000000088200000, 0x0000000088200000| Untracked 
|  91|0x0000000088300000, 0x0000000088300000, 0x0000000088400000|  0%| F|  |TAMS 0x0000000088300000, 0x0000000088300000| Untracked 
|  92|0x0000000088400000, 0x0000000088400000, 0x0000000088500000|  0%| F|  |TAMS 0x0000000088400000, 0x0000000088400000| Untracked 
|  93|0x0000000088500000, 0x0000000088500000, 0x0000000088600000|  0%| F|  |TAMS 0x0000000088500000, 0x0000000088500000| Untracked 
|  94|0x0000000088600000, 0x0000000088600000, 0x0000000088700000|  0%| F|  |TAMS 0x0000000088600000, 0x0000000088600000| Untracked 
|  95|0x0000000088700000, 0x0000000088700000, 0x0000000088800000|  0%| F|  |TAMS 0x0000000088700000, 0x0000000088700000| Untracked 
|  96|0x0000000088800000, 0x0000000088800000, 0x0000000088900000|  0%| F|  |TAMS 0x0000000088800000, 0x0000000088800000| Untracked 
|  97|0x0000000088900000, 0x0000000088900000, 0x0000000088a00000|  0%| F|  |TAMS 0x0000000088900000, 0x0000000088900000| Untracked 
|  98|0x0000000088a00000, 0x0000000088a00000, 0x0000000088b00000|  0%| F|  |TAMS 0x0000000088a00000, 0x0000000088a00000| Untracked 
|  99|0x0000000088b00000, 0x0000000088b00000, 0x0000000088c00000|  0%| F|  |TAMS 0x0000000088b00000, 0x0000000088b00000| Untracked 
| 100|0x0000000088c00000, 0x0000000088c00000, 0x0000000088d00000|  0%| F|  |TAMS 0x0000000088c00000, 0x0000000088c00000| Untracked 
| 101|0x0000000088d00000, 0x0000000088d00000, 0x0000000088e00000|  0%| F|  |TAMS 0x0000000088d00000, 0x0000000088d00000| Untracked 
| 102|0x0000000088e00000, 0x0000000088e00000, 0x0000000088f00000|  0%| F|  |TAMS 0x0000000088e00000, 0x0000000088e00000| Untracked 
| 103|0x0000000088f00000, 0x0000000088f00000, 0x0000000089000000|  0%| F|  |TAMS 0x0000000088f00000, 0x0000000088f00000| Untracked 
| 104|0x0000000089000000, 0x0000000089000000, 0x0000000089100000|  0%| F|  |TAMS 0x0000000089000000, 0x0000000089000000| Untracked 
| 105|0x0000000089100000, 0x0000000089100000, 0x0000000089200000|  0%| F|  |TAMS 0x0000000089100000, 0x0000000089100000| Untracked 
| 106|0x0000000089200000, 0x0000000089200000, 0x0000000089300000|  0%| F|  |TAMS 0x0000000089200000, 0x0000000089200000| Untracked 
| 107|0x0000000089300000, 0x0000000089300000, 0x0000000089400000|  0%| F|  |TAMS 0x0000000089300000, 0x0000000089300000| Untracked 
| 108|0x0000000089400000, 0x0000000089400000, 0x0000000089500000|  0%| F|  |TAMS 0x0000000089400000, 0x0000000089400000| Untracked 
| 109|0x0000000089500000, 0x0000000089500000, 0x0000000089600000|  0%| F|  |TAMS 0x0000000089500000, 0x0000000089500000| Untracked 
| 110|0x0000000089600000, 0x0000000089600000, 0x0000000089700000|  0%| F|  |TAMS 0x0000000089600000, 0x0000000089600000| Untracked 
| 111|0x0000000089700000, 0x0000000089700000, 0x0000000089800000|  0%| F|  |TAMS 0x0000000089700000, 0x0000000089700000| Untracked 
| 112|0x0000000089800000, 0x0000000089800000, 0x0000000089900000|  0%| F|  |TAMS 0x0000000089800000, 0x0000000089800000| Untracked 
| 113|0x0000000089900000, 0x0000000089900000, 0x0000000089a00000|  0%| F|  |TAMS 0x0000000089900000, 0x0000000089900000| Untracked 
| 114|0x0000000089a00000, 0x0000000089a00000, 0x0000000089b00000|  0%| F|  |TAMS 0x0000000089a00000, 0x0000000089a00000| Untracked 
| 115|0x0000000089b00000, 0x0000000089b00000, 0x0000000089c00000|  0%| F|  |TAMS 0x0000000089b00000, 0x0000000089b00000| Untracked 
| 116|0x0000000089c00000, 0x0000000089c00000, 0x0000000089d00000|  0%| F|  |TAMS 0x0000000089c00000, 0x0000000089c00000| Untracked 
| 117|0x0000000089d00000, 0x0000000089d00000, 0x0000000089e00000|  0%| F|  |TAMS 0x0000000089d00000, 0x0000000089d00000| Untracked 
| 118|0x0000000089e00000, 0x0000000089e00000, 0x0000000089f00000|  0%| F|  |TAMS 0x0000000089e00000, 0x0000000089e00000| Untracked 
| 119|0x0000000089f00000, 0x0000000089f00000, 0x000000008a000000|  0%| F|  |TAMS 0x0000000089f00000, 0x0000000089f00000| Untracked 
| 120|0x000000008a000000, 0x000000008a000000, 0x000000008a100000|  0%| F|  |TAMS 0x000000008a000000, 0x000000008a000000| Untracked 
| 121|0x000000008a100000, 0x000000008a100000, 0x000000008a200000|  0%| F|  |TAMS 0x000000008a100000, 0x000000008a100000| Untracked 
| 122|0x000000008a200000, 0x000000008a200000, 0x000000008a300000|  0%| F|  |TAMS 0x000000008a200000, 0x000000008a200000| Untracked 
| 123|0x000000008a300000, 0x000000008a400000, 0x000000008a400000|100%| E|  |TAMS 0x000000008a300000, 0x000000008a300000| Complete 
| 124|0x000000008a400000, 0x000000008a500000, 0x000000008a500000|100%| E|CS|TAMS 0x000000008a400000, 0x000000008a400000| Complete 
| 125|0x000000008a500000, 0x000000008a600000, 0x000000008a600000|100%| E|CS|TAMS 0x000000008a500000, 0x000000008a500000| Complete 

Card table byte_map: [0x000002152c4e0000,0x000002152c8d0000] _byte_map_base: 0x000002152c0cc000

Marking Bits (Prev, Next): (CMBitMap*) 0x0000021519480cc8, (CMBitMap*) 0x0000021519480d00
 Prev Bits: [0x000002152ccc0000, 0x000002152ec20000)
 Next Bits: [0x000002152ec20000, 0x0000021530b80000)

Polling page: 0x0000021517390000

Metaspace:

Usage:
  Non-class:     14.77 MB capacity,    14.62 MB ( 99%) used,   137.50 KB ( <1%) free+waste,    24.13 KB ( <1%) overhead. 
      Class:      1.90 MB capacity,     1.79 MB ( 94%) used,   102.28 KB (  5%) free+waste,    11.44 KB ( <1%) overhead. 
       Both:     16.68 MB capacity,    16.41 MB ( 98%) used,   239.78 KB (  1%) free+waste,    35.56 KB ( <1%) overhead. 

Virtual space:
  Non-class space:       16.00 MB reserved,      15.00 MB ( 94%) committed 
      Class space:        1.00 GB reserved,       2.00 MB ( <1%) committed 
             Both:        1.02 GB reserved,      17.00 MB (  2%) committed 

Chunk freelists:
   Non-Class:  40.00 KB
       Class:  4.00 KB
        Both:  44.00 KB

MaxMetaspaceSize: 17179869184.00 GB
CompressedClassSpaceSize: 1.00 GB

CodeHeap 'non-profiled nmethods': size=120000Kb used=1512Kb max_used=1512Kb free=118487Kb
 bounds [0x0000021524890000, 0x0000021524b00000, 0x000002152bdc0000]
CodeHeap 'profiled nmethods': size=120000Kb used=4050Kb max_used=4050Kb free=115949Kb
 bounds [0x000002151d360000, 0x000002151d760000, 0x0000021524890000]
CodeHeap 'non-nmethods': size=5760Kb used=1112Kb max_used=1173Kb free=4647Kb
 bounds [0x000002151cdc0000, 0x000002151d030000, 0x000002151d360000]
 total_blobs=2651 nmethods=2217 adapters=345
 compilation: enabled
              stopped_count=0, restarted_count=0
 full_count=0

Compilation events (20 events):
Event: 208.191 Thread 0x0000021533f4f800 nmethod 2315 0x000002151d74bc90 code [0x000002151d74bf40, 0x000002151d74ce08]
Event: 208.191 Thread 0x0000021533f4f800 2316   !   3       sun.nio.ch.FileLockTable::add (205 bytes)
Event: 208.195 Thread 0x0000021533f4f800 nmethod 2316 0x000002151d74d510 code [0x000002151d74d880, 0x000002151d74f2e8]
Event: 208.201 Thread 0x0000021533f4f800 2317       3       java.io.RandomAccessFile$1::close (11 bytes)
Event: 208.202 Thread 0x0000021533f4f800 nmethod 2317 0x000002151d74fd90 code [0x000002151d74ff80, 0x000002151d7505d8]
Event: 208.227 Thread 0x0000021533f4c000 2318       4       java.net.URLStreamHandler::parseURL (1201 bytes)
Event: 208.250 Thread 0x0000021533f4f800 2319       3       java.net.URI::resolve (345 bytes)
Event: 208.252 Thread 0x0000021533f4f800 nmethod 2319 0x000002151d750810 code [0x000002151d750b20, 0x000002151d7522b8]
Event: 208.261 Thread 0x0000021533f4c000 nmethod 2318 0x0000021524a05c10 code [0x0000021524a05e00, 0x0000021524a06c28]
Event: 208.261 Thread 0x0000021533f4c000 2320   !   4       java.util.zip.ZipFile$CleanableResource::run (251 bytes)
Event: 208.299 Thread 0x0000021533f4f800 2323       3       java.util.TimSort::mergeHi (732 bytes)
Event: 208.301 Thread 0x0000021533f4f800 nmethod 2323 0x000002151d752790 code [0x000002151d752b20, 0x000002151d754f78]
Event: 208.309 Thread 0x0000021533f4c000 nmethod 2320 0x0000021524a07490 code [0x0000021524a076a0, 0x0000021524a090f8]
Event: 208.309 Thread 0x0000021533f4c000 2322  s    4       jdk.internal.perf.PerfCounter::add (18 bytes)
Event: 208.319 Thread 0x0000021533f4c000 nmethod 2322 0x0000021524a09990 code [0x0000021524a09b20, 0x0000021524a09db8]
Event: 208.319 Thread 0x0000021533f4c000 2321       4       java.util.Collections$SetFromMap::isEmpty (10 bytes)
Event: 208.320 Thread 0x0000021533f4c000 nmethod 2321 0x0000021524a09f90 code [0x0000021524a0a120, 0x0000021524a0a1d8]
Event: 211.716 Thread 0x0000021533f4f800 2324       3       java.lang.ref.ReferenceQueue::reallyPoll (65 bytes)
Event: 211.716 Thread 0x0000021533f4f800 nmethod 2324 0x000002151d755790 code [0x000002151d755980, 0x000002151d755e78]
Event: 211.739 Thread 0x0000021533f4c000 2325       4       java.util.jar.Manifest::read (339 bytes)

GC Heap History (12 events):
Event: 0.910 GC heap before
{Heap before GC invocations=0 (full 0):
 garbage-first heap   total 129024K, used 29696K [0x0000000082800000, 0x0000000100000000)
  region size 1024K, 24 young (24576K), 0 survivors (0K)
 Metaspace       used 11454K, capacity 11649K, committed 11904K, reserved 1060864K
  class space    used 1244K, capacity 1308K, committed 1408K, reserved 1048576K
}
Event: 0.917 GC heap after
{Heap after GC invocations=1 (full 0):
 garbage-first heap   total 129024K, used 8515K [0x0000000082800000, 0x0000000100000000)
  region size 1024K, 3 young (3072K), 3 survivors (3072K)
 Metaspace       used 11454K, capacity 11649K, committed 11904K, reserved 1060864K
  class space    used 1244K, capacity 1308K, committed 1408K, reserved 1048576K
}
Event: 33.780 GC heap before
{Heap before GC invocations=1 (full 0):
 garbage-first heap   total 129024K, used 82243K [0x0000000082800000, 0x0000000100000000)
  region size 1024K, 75 young (76800K), 3 survivors (3072K)
 Metaspace       used 16416K, capacity 16682K, committed 16896K, reserved 1064960K
  class space    used 1829K, capacity 1946K, committed 2048K, reserved 1048576K
}
Event: 33.786 GC heap after
{Heap after GC invocations=2 (full 0):
 garbage-first heap   total 129024K, used 10771K [0x0000000082800000, 0x0000000100000000)
  region size 1024K, 6 young (6144K), 6 survivors (6144K)
 Metaspace       used 16416K, capacity 16682K, committed 16896K, reserved 1064960K
  class space    used 1829K, capacity 1946K, committed 2048K, reserved 1048576K
}
Event: 78.095 GC heap before
{Heap before GC invocations=2 (full 0):
 garbage-first heap   total 129024K, used 81427K [0x0000000082800000, 0x0000000100000000)
  region size 1024K, 75 young (76800K), 6 survivors (6144K)
 Metaspace       used 16537K, capacity 16816K, committed 17152K, reserved 1064960K
  class space    used 1830K, capacity 1947K, committed 2048K, reserved 1048576K
}
Event: 78.101 GC heap after
{Heap after GC invocations=3 (full 0):
 garbage-first heap   total 129024K, used 11703K [0x0000000082800000, 0x0000000100000000)
  region size 1024K, 7 young (7168K), 7 survivors (7168K)
 Metaspace       used 16537K, capacity 16816K, committed 17152K, reserved 1064960K
  class space    used 1830K, capacity 1947K, committed 2048K, reserved 1048576K
}
Event: 119.687 GC heap before
{Heap before GC invocations=3 (full 0):
 garbage-first heap   total 129024K, used 81335K [0x0000000082800000, 0x0000000100000000)
  region size 1024K, 75 young (76800K), 7 survivors (7168K)
 Metaspace       used 16624K, capacity 16944K, committed 17152K, reserved 1064960K
  class space    used 1830K, capacity 1947K, committed 2048K, reserved 1048576K
}
Event: 119.706 GC heap after
{Heap after GC invocations=4 (full 0):
 garbage-first heap   total 129024K, used 11119K [0x0000000082800000, 0x0000000100000000)
  region size 1024K, 3 young (3072K), 3 survivors (3072K)
 Metaspace       used 16624K, capacity 16944K, committed 17152K, reserved 1064960K
  class space    used 1830K, capacity 1947K, committed 2048K, reserved 1048576K
}
Event: 164.273 GC heap before
{Heap before GC invocations=4 (full 0):
 garbage-first heap   total 129024K, used 84847K [0x0000000082800000, 0x0000000100000000)
  region size 1024K, 75 young (76800K), 3 survivors (3072K)
 Metaspace       used 16694K, capacity 17009K, committed 17152K, reserved 1064960K
  class space    used 1830K, capacity 1947K, committed 2048K, reserved 1048576K
}
Event: 164.298 GC heap after
{Heap after GC invocations=5 (full 0):
 garbage-first heap   total 129024K, used 11114K [0x0000000082800000, 0x0000000100000000)
  region size 1024K, 3 young (3072K), 3 survivors (3072K)
 Metaspace       used 16694K, capacity 17009K, committed 17152K, reserved 1064960K
  class space    used 1830K, capacity 1947K, committed 2048K, reserved 1048576K
}
Event: 211.688 GC heap before
{Heap before GC invocations=5 (full 0):
 garbage-first heap   total 129024K, used 84842K [0x0000000082800000, 0x0000000100000000)
  region size 1024K, 75 young (76800K), 3 survivors (3072K)
 Metaspace       used 16793K, capacity 17073K, committed 17408K, reserved 1064960K
  class space    used 1833K, capacity 1947K, committed 2048K, reserved 1048576K
}
Event: 211.715 GC heap after
{Heap after GC invocations=6 (full 0):
 garbage-first heap   total 129024K, used 11752K [0x0000000082800000, 0x0000000100000000)
  region size 1024K, 3 young (3072K), 3 survivors (3072K)
 Metaspace       used 16793K, capacity 17073K, committed 17408K, reserved 1064960K
  class space    used 1833K, capacity 1947K, committed 2048K, reserved 1048576K
}

Deoptimization events (20 events):
Event: 167.989 Thread 0x0000021536ca0800 DEOPT PACKING pc=0x0000021524978730 sp=0x0000008e081fef50
Event: 167.989 Thread 0x0000021536ca0800 DEOPT UNPACKING pc=0x000002151cde74af sp=0x0000008e081fef10 mode 2
Event: 167.989 Thread 0x0000021536ca0800 Uncommon trap: trap_request=0xffffffde fr.pc=0x0000021524978730 relative=0x0000000000000150
Event: 167.989 Thread 0x0000021536ca0800 Uncommon trap: reason=class_check action=maybe_recompile pc=0x0000021524978730 method=java.util.regex.Pattern$BmpCharProperty.match(Ljava/util/regex/Matcher;ILjava/lang/CharSequence;)Z @ 14 c2
Event: 167.989 Thread 0x0000021536ca0800 DEOPT PACKING pc=0x0000021524978730 sp=0x0000008e081fef50
Event: 167.989 Thread 0x0000021536ca0800 DEOPT UNPACKING pc=0x000002151cde74af sp=0x0000008e081fef10 mode 2
Event: 183.008 Thread 0x0000021519441800 Uncommon trap: trap_request=0xffffff4d fr.pc=0x000002152492504c relative=0x000000000000010c
Event: 183.008 Thread 0x0000021519441800 Uncommon trap: reason=unstable_if action=reinterpret pc=0x000002152492504c method=java.lang.ThreadLocal$ThreadLocalMap.getEntry(Ljava/lang/ThreadLocal;)Ljava/lang/ThreadLocal$ThreadLocalMap$Entry; @ 29 c2
Event: 183.008 Thread 0x0000021519441800 DEOPT PACKING pc=0x000002152492504c sp=0x0000008e084fcd10
Event: 183.008 Thread 0x0000021519441800 DEOPT UNPACKING pc=0x000002151cde74af sp=0x0000008e084fcc50 mode 2
Event: 186.620 Thread 0x0000021519441800 Uncommon trap: trap_request=0xffffff4d fr.pc=0x000002152491e630 relative=0x00000000000000f0
Event: 186.620 Thread 0x0000021519441800 Uncommon trap: reason=unstable_if action=reinterpret pc=0x000002152491e630 method=java.lang.ThreadLocal$ThreadLocalMap.getEntry(Ljava/lang/ThreadLocal;)Ljava/lang/ThreadLocal$ThreadLocalMap$Entry; @ 29 c2
Event: 186.620 Thread 0x0000021519441800 DEOPT PACKING pc=0x000002152491e630 sp=0x0000008e084fcc90
Event: 186.621 Thread 0x0000021519441800 DEOPT UNPACKING pc=0x000002151cde74af sp=0x0000008e084fcc48 mode 2
Event: 189.991 Thread 0x0000021519441800 DEOPT PACKING pc=0x000002151d6b8842 sp=0x0000008e084fcdf0
Event: 189.991 Thread 0x0000021519441800 DEOPT UNPACKING pc=0x000002151cde72ce sp=0x0000008e084fc390 mode 0
Event: 190.002 Thread 0x0000021519441800 DEOPT PACKING pc=0x000002151d6ba33d sp=0x0000008e084fcd20
Event: 190.002 Thread 0x0000021519441800 DEOPT UNPACKING pc=0x000002151cde72ce sp=0x0000008e084fc238 mode 0
Event: 203.916 Thread 0x0000021519441800 DEOPT PACKING pc=0x000002151d6951f0 sp=0x0000008e084fccf0
Event: 203.916 Thread 0x0000021519441800 DEOPT UNPACKING pc=0x000002151cde72ce sp=0x0000008e084fc1b8 mode 0

Classes redefined (0 events):
No events

Internal exceptions (20 events):
Event: 138.731 Thread 0x0000021519441800 Exception <a 'java/io/IOException'{0x0000000088bc7f70}> (0x0000000088bc7f70) thrown at [./src/hotspot/share/prims/jni.cpp, line 615]
Event: 142.852 Thread 0x0000021519441800 Exception <a 'java/io/IOException'{0x00000000885a63b0}> (0x00000000885a63b0) thrown at [./src/hotspot/share/prims/jni.cpp, line 615]
Event: 146.934 Thread 0x0000021519441800 Exception <a 'java/io/IOException'{0x0000000087f86cf0}> (0x0000000087f86cf0) thrown at [./src/hotspot/share/prims/jni.cpp, line 615]
Event: 149.962 Thread 0x0000021519441800 Exception <a 'java/io/IOException'{0x000000008796ac48}> (0x000000008796ac48) thrown at [./src/hotspot/share/prims/jni.cpp, line 615]
Event: 153.587 Thread 0x0000021519441800 Exception <a 'java/io/IOException'{0x00000000873cfe40}> (0x00000000873cfe40) thrown at [./src/hotspot/share/prims/jni.cpp, line 615]
Event: 157.178 Thread 0x0000021519441800 Exception <a 'java/io/IOException'{0x0000000086db6320}> (0x0000000086db6320) thrown at [./src/hotspot/share/prims/jni.cpp, line 615]
Event: 160.684 Thread 0x0000021519441800 Exception <a 'java/io/IOException'{0x000000008679e730}> (0x000000008679e730) thrown at [./src/hotspot/share/prims/jni.cpp, line 615]
Event: 164.144 Thread 0x0000021519441800 Exception <a 'java/io/IOException'{0x0000000086088fa8}> (0x0000000086088fa8) thrown at [./src/hotspot/share/prims/jni.cpp, line 615]
Event: 168.002 Thread 0x0000021519441800 Exception <a 'java/io/IOException'{0x000000008a3940f0}> (0x000000008a3940f0) thrown at [./src/hotspot/share/prims/jni.cpp, line 615]
Event: 171.742 Thread 0x0000021519441800 Exception <a 'java/io/IOException'{0x0000000089d82d58}> (0x0000000089d82d58) thrown at [./src/hotspot/share/prims/jni.cpp, line 615]
Event: 175.484 Thread 0x0000021519441800 Exception <a 'java/io/IOException'{0x00000000897733c8}> (0x00000000897733c8) thrown at [./src/hotspot/share/prims/jni.cpp, line 615]
Event: 179.237 Thread 0x0000021519441800 Exception <a 'java/io/IOException'{0x00000000891657d0}> (0x00000000891657d0) thrown at [./src/hotspot/share/prims/jni.cpp, line 615]
Event: 183.027 Thread 0x0000021519441800 Exception <a 'java/io/IOException'{0x0000000088bceb10}> (0x0000000088bceb10) thrown at [./src/hotspot/share/prims/jni.cpp, line 615]
Event: 186.634 Thread 0x0000021519441800 Exception <a 'java/io/IOException'{0x00000000885c2dd0}> (0x00000000885c2dd0) thrown at [./src/hotspot/share/prims/jni.cpp, line 615]
Event: 189.977 Thread 0x0000021519441800 Exception <a 'java/io/IOException'{0x0000000087e367f0}> (0x0000000087e367f0) thrown at [./src/hotspot/share/prims/jni.cpp, line 615]
Event: 194.033 Thread 0x0000021519441800 Exception <a 'java/io/IOException'{0x00000000878a55d8}> (0x00000000878a55d8) thrown at [./src/hotspot/share/prims/jni.cpp, line 615]
Event: 198.472 Thread 0x0000021519441800 Exception <a 'java/io/IOException'{0x000000008729f008}> (0x000000008729f008) thrown at [./src/hotspot/share/prims/jni.cpp, line 615]
Event: 203.886 Thread 0x0000021519441800 Exception <a 'java/io/IOException'{0x0000000086c93b10}> (0x0000000086c93b10) thrown at [./src/hotspot/share/prims/jni.cpp, line 615]
Event: 208.166 Thread 0x0000021519441800 Exception <a 'java/io/IOException'{0x0000000086689740}> (0x0000000086689740) thrown at [./src/hotspot/share/prims/jni.cpp, line 615]
Event: 211.661 Thread 0x0000021519441800 Exception <a 'java/io/IOException'{0x0000000086081cf0}> (0x0000000086081cf0) thrown at [./src/hotspot/share/prims/jni.cpp, line 615]

Events (20 events):
Event: 204.146 Executing VM operation: RevokeBias
Event: 204.146 Executing VM operation: RevokeBias done
Event: 208.142 Thread 0x0000021534fff800 Thread exited: 0x0000021534fff800
Event: 208.142 Thread 0x000002153509a800 Thread exited: 0x000002153509a800
Event: 208.298 Thread 0x0000021536ec5800 Thread added: 0x0000021536ec5800
Event: 208.304 Thread 0x0000021534fff800 Thread added: 0x0000021534fff800
Event: 208.304 Thread 0x00000215342cf000 Thread added: 0x00000215342cf000
Event: 208.307 Thread 0x0000021534fff800 Thread exited: 0x0000021534fff800
Event: 208.307 Executing VM operation: RevokeBias
Event: 208.307 Executing VM operation: RevokeBias done
Event: 211.644 Thread 0x00000215342cf000 Thread exited: 0x00000215342cf000
Event: 211.644 Thread 0x0000021536ec5800 Thread exited: 0x0000021536ec5800
Event: 211.687 Executing VM operation: G1CollectForAllocation
Event: 211.715 Executing VM operation: G1CollectForAllocation done
Event: 211.778 Thread 0x00000215342cf000 Thread added: 0x00000215342cf000
Event: 211.783 Thread 0x0000021534fff800 Thread added: 0x0000021534fff800
Event: 211.784 Thread 0x000002153509a800 Thread added: 0x000002153509a800
Event: 211.791 Thread 0x0000021534fff800 Thread exited: 0x0000021534fff800
Event: 211.792 Executing VM operation: RevokeBias
Event: 211.792 Executing VM operation: RevokeBias done


Dynamic libraries:
0x00007ff736e60000 - 0x00007ff736e6a000 	C:\Program Files\Android\Android Studio\jre\bin\java.exe
0x00007ffb7d0c0000 - 0x00007ffb7d2c7000 	C:\WINDOWS\SYSTEM32\ntdll.dll
0x00007ffb7be20000 - 0x00007ffb7bedd000 	C:\WINDOWS\System32\KERNEL32.DLL
0x00007ffb7a800000 - 0x00007ffb7ab74000 	C:\WINDOWS\System32\KERNELBASE.dll
0x00007ffb7aca0000 - 0x00007ffb7adb1000 	C:\WINDOWS\System32\ucrtbase.dll
0x00007ffb708b0000 - 0x00007ffb708c9000 	C:\Program Files\Android\Android Studio\jre\bin\jli.dll
0x00007ffb70890000 - 0x00007ffb708a7000 	C:\Program Files\Android\Android Studio\jre\bin\VCRUNTIME140.dll
0x00007ffb7bee0000 - 0x00007ffb7c08c000 	C:\WINDOWS\System32\USER32.dll
0x00007ffb614a0000 - 0x00007ffb61745000 	C:\WINDOWS\WinSxS\amd64_microsoft.windows.common-controls_6595b64144ccf1df_6.0.22000.120_none_9d947278b86cc467\COMCTL32.dll
0x00007ffb7adc0000 - 0x00007ffb7ade6000 	C:\WINDOWS\System32\win32u.dll
0x00007ffb7ccd0000 - 0x00007ffb7ccf9000 	C:\WINDOWS\System32\GDI32.dll
0x00007ffb7c3a0000 - 0x00007ffb7c443000 	C:\WINDOWS\System32\msvcrt.dll
0x00007ffb7ab80000 - 0x00007ffb7ac92000 	C:\WINDOWS\System32\gdi32full.dll
0x00007ffb7a6a0000 - 0x00007ffb7a73d000 	C:\WINDOWS\System32\msvcp_win.dll
0x00007ffb7b020000 - 0x00007ffb7b051000 	C:\WINDOWS\System32\IMM32.DLL
0x00007ffb707f0000 - 0x00007ffb7088d000 	C:\Program Files\Android\Android Studio\jre\bin\msvcp140.dll
0x00007ffb2ecb0000 - 0x00007ffb2f76c000 	C:\Program Files\Android\Android Studio\jre\bin\server\jvm.dll
0x00007ffb7bb40000 - 0x00007ffb7bbee000 	C:\WINDOWS\System32\ADVAPI32.dll
0x00007ffb7cfe0000 - 0x00007ffb7d07e000 	C:\WINDOWS\System32\sechost.dll
0x00007ffb7b5b0000 - 0x00007ffb7b6d0000 	C:\WINDOWS\System32\RPCRT4.dll
0x00007ffb7b080000 - 0x00007ffb7b088000 	C:\WINDOWS\System32\PSAPI.DLL
0x00007ffb65700000 - 0x00007ffb65709000 	C:\WINDOWS\SYSTEM32\WSOCK32.dll
0x00007ffb731e0000 - 0x00007ffb73213000 	C:\WINDOWS\SYSTEM32\WINMM.dll
0x00007ffb7c450000 - 0x00007ffb7c4bf000 	C:\WINDOWS\System32\WS2_32.dll
0x00007ffb71d00000 - 0x00007ffb71d0a000 	C:\WINDOWS\SYSTEM32\VERSION.dll
0x00007ffb797a0000 - 0x00007ffb797b8000 	C:\WINDOWS\SYSTEM32\kernel.appcore.dll
0x00007ffb56380000 - 0x00007ffb56391000 	C:\Program Files\Android\Android Studio\jre\bin\verify.dll
0x00007ffb77fb0000 - 0x00007ffb781d1000 	C:\WINDOWS\SYSTEM32\DBGHELP.DLL
0x00007ffb61f60000 - 0x00007ffb61f91000 	C:\WINDOWS\SYSTEM32\dbgcore.DLL
0x00007ffb7a5b0000 - 0x00007ffb7a62f000 	C:\WINDOWS\System32\bcryptPrimitives.dll
0x00007ffb4d490000 - 0x00007ffb4d4b9000 	C:\Program Files\Android\Android Studio\jre\bin\java.dll
0x00007ffb653d0000 - 0x00007ffb653db000 	C:\Program Files\Android\Android Studio\jre\bin\jimage.dll
0x00007ffb55a80000 - 0x00007ffb55a98000 	C:\Program Files\Android\Android Studio\jre\bin\zip.dll
0x00007ffb7c520000 - 0x00007ffb7ccce000 	C:\WINDOWS\System32\SHELL32.dll
0x00007ffb78720000 - 0x00007ffb78f87000 	C:\WINDOWS\SYSTEM32\windows.storage.dll
0x00007ffb7b6d0000 - 0x00007ffb7ba48000 	C:\WINDOWS\System32\combase.dll
0x00007ffb785b0000 - 0x00007ffb78716000 	C:\WINDOWS\SYSTEM32\wintypes.dll
0x00007ffb7c2b0000 - 0x00007ffb7c39a000 	C:\WINDOWS\System32\SHCORE.dll
0x00007ffb7afc0000 - 0x00007ffb7b01d000 	C:\WINDOWS\System32\shlwapi.dll
0x00007ffb7a4e0000 - 0x00007ffb7a501000 	C:\WINDOWS\SYSTEM32\profapi.dll
0x00007ffb554a0000 - 0x00007ffb554ba000 	C:\Program Files\Android\Android Studio\jre\bin\net.dll
0x00007ffb72c10000 - 0x00007ffb72d1c000 	C:\WINDOWS\SYSTEM32\WINHTTP.dll
0x00007ffb79bd0000 - 0x00007ffb79c37000 	C:\WINDOWS\system32\mswsock.dll
0x00007ffb552a0000 - 0x00007ffb552b4000 	C:\Program Files\Android\Android Studio\jre\bin\nio.dll
0x00007ffb707c0000 - 0x00007ffb707e6000 	C:\Users\venu\.gradle\native\fdc75f09e3144964f2cf3f50f0aa648679c211496f362492102eb8c894070792\windows-amd64\native-platform.dll
0x00007ffb155f0000 - 0x00007ffb15781000 	C:\Users\venu\.gradle\native\12488b8bf47d2d4c9fbf2f6322a914ad602e24e48041cd04a747c6da556b65c4\windows-amd64\native-platform-file-events.dll
0x00007ffb65330000 - 0x00007ffb6533a000 	C:\Program Files\Android\Android Studio\jre\bin\management.dll
0x00007ffb64f40000 - 0x00007ffb64f4c000 	C:\Program Files\Android\Android Studio\jre\bin\management_ext.dll
0x00007ffb79e20000 - 0x00007ffb79e38000 	C:\WINDOWS\SYSTEM32\CRYPTSP.dll
0x00007ffb79700000 - 0x00007ffb79735000 	C:\WINDOWS\system32\rsaenh.dll
0x00007ffb79cc0000 - 0x00007ffb79ce9000 	C:\WINDOWS\SYSTEM32\USERENV.dll
0x00007ffb79f90000 - 0x00007ffb79fb7000 	C:\WINDOWS\SYSTEM32\bcrypt.dll
0x00007ffb79e10000 - 0x00007ffb79e1c000 	C:\WINDOWS\SYSTEM32\CRYPTBASE.dll
0x00007ffb79240000 - 0x00007ffb7926d000 	C:\WINDOWS\SYSTEM32\IPHLPAPI.DLL
0x00007ffb7b100000 - 0x00007ffb7b109000 	C:\WINDOWS\System32\NSI.dll
0x00007ffb73910000 - 0x00007ffb73929000 	C:\WINDOWS\SYSTEM32\dhcpcsvc6.DLL
0x00007ffb73950000 - 0x00007ffb7396e000 	C:\WINDOWS\SYSTEM32\dhcpcsvc.DLL
0x00007ffb792c0000 - 0x00007ffb793a7000 	C:\WINDOWS\SYSTEM32\DNSAPI.dll
0x00007ffb73050000 - 0x00007ffb7305c000 	C:\WINDOWS\SYSTEM32\WINNSI.DLL

dbghelp: loaded successfully - version: 4.0.5 - missing functions: none
symbol engine: initialized successfully - sym options: 0x614 - pdb path: .;C:\Program Files\Android\Android Studio\jre\bin;C:\WINDOWS\SYSTEM32;C:\WINDOWS\WinSxS\amd64_microsoft.windows.common-controls_6595b64144ccf1df_6.0.22000.120_none_9d947278b86cc467;C:\Program Files\Android\Android Studio\jre\bin\server;C:\Users\venu\.gradle\native\fdc75f09e3144964f2cf3f50f0aa648679c211496f362492102eb8c894070792\windows-amd64;C:\Users\venu\.gradle\native\12488b8bf47d2d4c9fbf2f6322a914ad602e24e48041cd04a747c6da556b65c4\windows-amd64

VM Arguments:
jvm_args: -Dorg.gradle.appname=gradlew 
java_command: org.gradle.wrapper.GradleWrapperMain -q -Ptarget-platform=android-x86 -Ptarget=C:\Users\venu\Desktop\flutter\bs_calculator\lib\main.dart -Pdart-defines=Zmx1dHRlci5pbnNwZWN0b3Iuc3RydWN0dXJlZEVycm9ycz10cnVl,RkxVVFRFUl9XRUJfQVVUT19ERVRFQ1Q9dHJ1ZQ== -Pdart-obfuscation=false -Ptrack-widget-creation=true -Ptree-shake-icons=false -Pfilesystem-scheme=org-dartlang-root assembleDebug
java_class_path (initial): C:\Users\venu\Desktop\flutter\bs_calculator\android\\gradle\wrapper\gradle-wrapper.jar
Launcher Type: SUN_STANDARD

[Global flags]
     intx CICompilerCount                          = 4                                         {product} {ergonomic}
     uint ConcGCThreads                            = 2                                         {product} {ergonomic}
     uint G1ConcRefinementThreads                  = 8                                         {product} {ergonomic}
   size_t G1HeapRegionSize                         = 1048576                                   {product} {ergonomic}
    uintx GCDrainStackTargetSize                   = 64                                        {product} {ergonomic}
   size_t InitialHeapSize                          = 132120576                                 {product} {ergonomic}
   size_t MarkStackSize                            = 4194304                                   {product} {ergonomic}
   size_t MaxHeapSize                              = 2105540608                                {product} {ergonomic}
   size_t MaxNewSize                               = 1262485504                                {product} {ergonomic}
   size_t MinHeapDeltaBytes                        = 1048576                                   {product} {ergonomic}
    uintx NonNMethodCodeHeapSize                   = 5836300                                {pd product} {ergonomic}
    uintx NonProfiledCodeHeapSize                  = 122910970                              {pd product} {ergonomic}
    uintx ProfiledCodeHeapSize                     = 122910970                              {pd product} {ergonomic}
    uintx ReservedCodeCacheSize                    = 251658240                              {pd product} {ergonomic}
     bool SegmentedCodeCache                       = true                                      {product} {ergonomic}
     bool UseCompressedClassPointers               = true                                 {lp64_product} {ergonomic}
     bool UseCompressedOops                        = true                                 {lp64_product} {ergonomic}
     bool UseG1GC                                  = true                                      {product} {ergonomic}
     bool UseLargePagesIndividualAllocation        = false                                  {pd product} {ergonomic}

Logging:
Log output configuration:
 #0: stdout all=warning uptime,level,tags
 #1: stderr all=off uptime,level,tags

Environment Variables:
JAVA_HOME=C:\Program Files\Android\Android Studio\jre
CLASSPATH=C:\Users\venu\Desktop\flutter\bs_calculator\android\\gradle\wrapper\gradle-wrapper.jar
PATH=C:\Users\venu\Scripts\;C:\Users\venu\;C:\Users\venu\Desktop\my class files\Scripts\;C:\Users\venu\Desktop\my class files\;C:\Program Files\Common Files\Oracle\Java\javapath;C:\oraclexe\app\oracle\product\11.2.0\server\bin;C:\Users\venu\Downloads\openjdk-14.0.2_windows-x64_bin\jdk-14.0.2\bin;C:\Windows\system32;C:\Windows;C:\Windows\System32\Wbem;C:\Windows\System32\WindowsPowerShell\v1.0\;C:\Windows\System32\OpenSSH\;C:\Program Files (x86)\NVIDIA Corporation\PhysX\Common;C:\Program Files\NVIDIA Corporation\NVIDIA NvDLISR;C:\TDM-GCC-32\bin;C:\Program Files\Git\cmd;C:\WINDOWS\system32;C:\WINDOWS;C:\WINDOWS\System32\Wbem;C:\WINDOWS\System32\WindowsPowerShell\v1.0\;C:\WINDOWS\System32\OpenSSH\;C:\src\flutter\bin;C:\Program Files\flutter\bin;"C:\Program Files\Java\jdk-16\bin;";C:\Users\venu\AppData\Local\Programs\Python\Python39-32\Scripts\;C:\Users\venu\AppData\Local\Programs\Python\Python39-32\;C:\Users\venu\AppData\Local\Programs\Python\Launcher\;C:\Users\venu\AppData\Local\Programs\Microsoft VS Code\bin;%USERPROFILE%\AppData\Local\Microsoft\WindowsApps;;C:\src\flutter\bin\mingit\cmd
USERNAME=venu
OS=Windows_NT
PROCESSOR_IDENTIFIER=Intel64 Family 6 Model 158 Stepping 13, GenuineIntel



---------------  S Y S T E M  ---------------

OS: Windows 10 , 64 bit Build 22000 (10.0.22000.434)
OS uptime: 0 days 4:31 hours

CPU:total 8 (initial active 8) (4 cores per cpu, 2 threads per core) family 6 model 158 stepping 13, cmov, cx8, fxsr, mmx, sse, sse2, sse3, ssse3, sse4.1, sse4.2, popcnt, avx, avx2, aes, clmul, erms, 3dnowpref, lzcnt, ht, tsc, tscinvbit, bmi1, bmi2, adx, fma

Memory: 4k page, system-wide physical 8029M (166M free)
TotalPageFile size 29254M (AvailPageFile size 199M)
current process WorkingSet (physical memory assigned to process): 63M, peak: 155M
current process commit charge ("private bytes"): 233M, peak: 264M

vm_info: OpenJDK 64-Bit Server VM (11.0.8+10-b944.6842174) for windows-amd64 JRE (11.0.8+10-b944.6842174), built on Sep 19 2020 01:11:42 by "builder" with MS VC++ 14.0 (VS2015)

END.
