#
# There is insufficient memory for the Java Runtime Environment to continue.
# Native memory allocation (malloc) failed to allocate 32744 bytes for ChunkPool::allocate
# Possible reasons:
#   The system is out of physical RAM or swap space
#   The process is running with CompressedOops enabled, and the Java Heap may be blocking the growth of the native heap
# Possible solutions:
#   Reduce memory load on the system
#   Increase physical memory or swap space
#   Check if swap backing store is full
#   Decrease Java heap size (-Xmx/-Xms)
#   Decrease number of Java threads
#   Decrease Java thread stack sizes (-Xss)
#   Set larger code cache with -XX:ReservedCodeCacheSize=
#   JVM is running with Unscaled Compressed Oops mode in which the Java heap is
#     placed in the first 4GB address space. The Java Heap base address is the
#     maximum limit for the native heap growth. Please use -XX:HeapBaseMinAddress
#     to set the Java Heap base and to place the Java Heap above 4GB virtual address.
# This output file may be truncated or incomplete.
#
#  Out of Memory Error (./src/hotspot/share/memory/arena.cpp:81), pid=18940, tid=24156
#
# JRE version: OpenJDK Runtime Environment (11.0.11+9) (build 11.0.11+9-b60-7590822)
# Java VM: OpenJDK 64-Bit Server VM (11.0.11+9-b60-7590822, mixed mode, tiered, compressed oops, g1 gc, windows-amd64)
# No core dump will be written. Minidumps are not enabled by default on client versions of Windows
#

---------------  S U M M A R Y ------------

Command Line: -Dorg.gradle.appname=gradlew org.gradle.wrapper.GradleWrapperMain -q -Ptarget-platform=android-arm64 -Ptarget=C:\Users\venu\Desktop\flutter\HST Calcuator\lib\main.dart -Pdart-defines=Zmx1dHRlci5pbnNwZWN0b3Iuc3RydWN0dXJlZEVycm9ycz10cnVl,RkxVVFRFUl9XRUJfQVVUT19ERVRFQ1Q9dHJ1ZQ== -Pdart-obfuscation=false -Ptrack-widget-creation=true -Ptree-shake-icons=false -Pfilesystem-scheme=org-dartlang-root assembleDebug

Host: Intel(R) Core(TM) i5-9300H CPU @ 2.40GHz, 8 cores, 7G,  Windows 10 , 64 bit Build 22000 (10.0.22000.434)
Time: Tue Mar  8 23:46:51 2022 India Standard Time elapsed time: 0.557544 seconds (0d 0h 0m 0s)

---------------  T H R E A D  ---------------

Current thread (0x000001d2a4ce8000):  JavaThread "C1 CompilerThread0" daemon [_thread_in_native, id=24156, stack(0x00000023c0a00000,0x00000023c0b00000)]


Current CompileTask:
C1:    557  505   !   3       java.io.BufferedReader::readLine (304 bytes)

Stack: [0x00000023c0a00000,0x00000023c0b00000]
Native frames: (J=compiled Java code, j=interpreted, Vv=VM code, C=native code)
V  [jvm.dll+0x5f214a]
V  [jvm.dll+0x726fb5]
V  [jvm.dll+0x7285cd]
V  [jvm.dll+0x728c83]
V  [jvm.dll+0x243278]
V  [jvm.dll+0xbc78b]
V  [jvm.dll+0xbca3c]
V  [jvm.dll+0x10dd76]
V  [jvm.dll+0x1694ac]
V  [jvm.dll+0x169f66]
V  [jvm.dll+0x12401c]
V  [jvm.dll+0x123b29]
V  [jvm.dll+0x123c93]
V  [jvm.dll+0x122fa7]
V  [jvm.dll+0x124b77]
V  [jvm.dll+0x209a57]
V  [jvm.dll+0x2082a1]
V  [jvm.dll+0x6ef58f]
V  [jvm.dll+0x6e80b5]
V  [jvm.dll+0x5f1036]
C  [ucrtbase.dll+0x26c0c]
C  [KERNEL32.DLL+0x154e0]
C  [ntdll.dll+0x485b]


---------------  P R O C E S S  ---------------

Threads class SMR info:
_java_thread_list=0x000001d2a57ab9e0, length=10, elements={
0x000001d28a920000, 0x000001d2a4cac800, 0x000001d2a4cd8800, 0x000001d2a5645800,
0x000001d2a564b000, 0x000001d2a564c000, 0x000001d2a5651800, 0x000001d2a4ce8000,
0x000001d2a4cf1800, 0x000001d2a57b7000
}

Java Threads: ( => current thread )
  0x000001d28a920000 JavaThread "main" [_thread_blocked, id=23056, stack(0x00000023bfd00000,0x00000023bfe00000)]
  0x000001d2a4cac800 JavaThread "Reference Handler" daemon [_thread_blocked, id=6388, stack(0x00000023c0400000,0x00000023c0500000)]
  0x000001d2a4cd8800 JavaThread "Finalizer" daemon [_thread_blocked, id=21260, stack(0x00000023c0500000,0x00000023c0600000)]
  0x000001d2a5645800 JavaThread "Signal Dispatcher" daemon [_thread_blocked, id=21184, stack(0x00000023c0600000,0x00000023c0700000)]
  0x000001d2a564b000 JavaThread "Attach Listener" daemon [_thread_blocked, id=20732, stack(0x00000023c0700000,0x00000023c0800000)]
  0x000001d2a564c000 JavaThread "Service Thread" daemon [_thread_blocked, id=20748, stack(0x00000023c0800000,0x00000023c0900000)]
  0x000001d2a5651800 JavaThread "C2 CompilerThread0" daemon [_thread_in_native, id=24080, stack(0x00000023c0900000,0x00000023c0a00000)]
=>0x000001d2a4ce8000 JavaThread "C1 CompilerThread0" daemon [_thread_in_native, id=24156, stack(0x00000023c0a00000,0x00000023c0b00000)]
  0x000001d2a4cf1800 JavaThread "Sweeper thread" daemon [_thread_blocked, id=24160, stack(0x00000023c0b00000,0x00000023c0c00000)]
  0x000001d2a57b7000 JavaThread "Common-Cleaner" daemon [_thread_blocked, id=22336, stack(0x00000023c0d00000,0x00000023c0e00000)]

Other Threads:
  0x000001d2a4caa800 VMThread "VM Thread" [stack: 0x00000023c0300000,0x00000023c0400000] [id=24076]
  0x000001d2a57aa800 WatcherThread [stack: 0x00000023c0c00000,0x00000023c0d00000] [id=24416]
  0x000001d28a939800 GCTaskThread "GC Thread#0" [stack: 0x00000023bfe00000,0x00000023bff00000] [id=24492]
  0x000001d2a5af9000 GCTaskThread "GC Thread#1" [stack: 0x00000023c0e00000,0x00000023c0f00000] [id=5492]
  0x000001d2a5a59000 GCTaskThread "GC Thread#2" [stack: 0x00000023c0f00000,0x00000023c1000000] [id=19392]
  0x000001d28a96a000 ConcurrentGCThread "G1 Main Marker" [stack: 0x00000023bff00000,0x00000023c0000000] [id=24484]
  0x000001d28a96d800 ConcurrentGCThread "G1 Conc#0" [stack: 0x00000023c0000000,0x00000023c0100000] [id=24496]
  0x000001d28a9fe800 ConcurrentGCThread "G1 Refine#0" [stack: 0x00000023c0100000,0x00000023c0200000] [id=24164]
  0x000001d2a4b10800 ConcurrentGCThread "G1 Young RemSet Sampling" [stack: 0x00000023c0200000,0x00000023c0300000] [id=24168]

Threads with active compile tasks:
C2 CompilerThread0    574  511       4       java.lang.AbstractStringBuilder::append (77 bytes)
C1 CompilerThread0    574  505   !   3       java.io.BufferedReader::readLine (304 bytes)

VM state:at safepoint (normal execution)

VM Mutex/Monitor currently owned by a thread:  ([mutex/lock_event])
[0x000001d28a91c110] Threads_lock - owner thread: 0x000001d2a4caa800
[0x000001d28a91cd70] Heap_lock - owner thread: 0x000001d28a920000

Heap address: 0x0000000082800000, size: 2008 MB, Compressed Oops mode: 32-bit
Narrow klass base: 0x0000000000000000, Narrow klass shift: 3
Compressed class space size: 1073741824 Address: 0x0000000100000000

Heap:
 garbage-first heap   total 129024K, used 14336K [0x0000000082800000, 0x0000000100000000)
  region size 1024K, 14 young (14336K), 3 survivors (3072K)
 Metaspace       used 8045K, capacity 8202K, committed 8320K, reserved 1062912K
  class space    used 727K, capacity 793K, committed 896K, reserved 1048576K
Heap Regions: E=young(eden), S=young(survivor), O=old, HS=humongous(starts), HC=humongous(continues), CS=collection set, F=free, A=archive, TAMS=top-at-mark-start (previous, next)
|   0|0x0000000082800000, 0x0000000082900000, 0x0000000082900000|100%|HS|  |TAMS 0x0000000082800000, 0x0000000082900000| Complete 
|   1|0x0000000082900000, 0x0000000082a00000, 0x0000000082a00000|100%|HC|  |TAMS 0x0000000082900000, 0x0000000082a00000| Complete 
|   2|0x0000000082a00000, 0x0000000082b00000, 0x0000000082b00000|100%|HC|  |TAMS 0x0000000082a00000, 0x0000000082b00000| Complete 
|   3|0x0000000082b00000, 0x0000000082b00000, 0x0000000082c00000|  0%| F|  |TAMS 0x0000000082b00000, 0x0000000082b00000| Untracked 
|   4|0x0000000082c00000, 0x0000000082c00000, 0x0000000082d00000|  0%| F|  |TAMS 0x0000000082c00000, 0x0000000082c00000| Untracked 
|   5|0x0000000082d00000, 0x0000000082d00000, 0x0000000082e00000|  0%| F|  |TAMS 0x0000000082d00000, 0x0000000082d00000| Untracked 
|   6|0x0000000082e00000, 0x0000000082e00000, 0x0000000082f00000|  0%| F|  |TAMS 0x0000000082e00000, 0x0000000082e00000| Untracked 
|   7|0x0000000082f00000, 0x0000000082f00000, 0x0000000083000000|  0%| F|  |TAMS 0x0000000082f00000, 0x0000000082f00000| Untracked 
|   8|0x0000000083000000, 0x0000000083000000, 0x0000000083100000|  0%| F|  |TAMS 0x0000000083000000, 0x0000000083000000| Untracked 
|   9|0x0000000083100000, 0x0000000083100000, 0x0000000083200000|  0%| F|  |TAMS 0x0000000083100000, 0x0000000083100000| Untracked 
|  10|0x0000000083200000, 0x0000000083200000, 0x0000000083300000|  0%| F|  |TAMS 0x0000000083200000, 0x0000000083200000| Untracked 
|  11|0x0000000083300000, 0x0000000083300000, 0x0000000083400000|  0%| F|  |TAMS 0x0000000083300000, 0x0000000083300000| Untracked 
|  12|0x0000000083400000, 0x0000000083400000, 0x0000000083500000|  0%| F|  |TAMS 0x0000000083400000, 0x0000000083400000| Untracked 
|  13|0x0000000083500000, 0x0000000083500000, 0x0000000083600000|  0%| F|  |TAMS 0x0000000083500000, 0x0000000083500000| Untracked 
|  14|0x0000000083600000, 0x0000000083600000, 0x0000000083700000|  0%| F|  |TAMS 0x0000000083600000, 0x0000000083600000| Untracked 
|  15|0x0000000083700000, 0x0000000083700000, 0x0000000083800000|  0%| F|  |TAMS 0x0000000083700000, 0x0000000083700000| Untracked 
|  16|0x0000000083800000, 0x0000000083800000, 0x0000000083900000|  0%| F|  |TAMS 0x0000000083800000, 0x0000000083800000| Untracked 
|  17|0x0000000083900000, 0x0000000083900000, 0x0000000083a00000|  0%| F|  |TAMS 0x0000000083900000, 0x0000000083900000| Untracked 
|  18|0x0000000083a00000, 0x0000000083a00000, 0x0000000083b00000|  0%| F|  |TAMS 0x0000000083a00000, 0x0000000083a00000| Untracked 
|  19|0x0000000083b00000, 0x0000000083b00000, 0x0000000083c00000|  0%| F|  |TAMS 0x0000000083b00000, 0x0000000083b00000| Untracked 
|  20|0x0000000083c00000, 0x0000000083c00000, 0x0000000083d00000|  0%| F|  |TAMS 0x0000000083c00000, 0x0000000083c00000| Untracked 
|  21|0x0000000083d00000, 0x0000000083d00000, 0x0000000083e00000|  0%| F|  |TAMS 0x0000000083d00000, 0x0000000083d00000| Untracked 
|  22|0x0000000083e00000, 0x0000000083e00000, 0x0000000083f00000|  0%| F|  |TAMS 0x0000000083e00000, 0x0000000083e00000| Untracked 
|  23|0x0000000083f00000, 0x0000000083f00000, 0x0000000084000000|  0%| F|  |TAMS 0x0000000083f00000, 0x0000000083f00000| Untracked 
|  24|0x0000000084000000, 0x0000000084000000, 0x0000000084100000|  0%| F|  |TAMS 0x0000000084000000, 0x0000000084000000| Untracked 
|  25|0x0000000084100000, 0x0000000084100000, 0x0000000084200000|  0%| F|  |TAMS 0x0000000084100000, 0x0000000084100000| Untracked 
|  26|0x0000000084200000, 0x0000000084200000, 0x0000000084300000|  0%| F|  |TAMS 0x0000000084200000, 0x0000000084200000| Untracked 
|  27|0x0000000084300000, 0x0000000084300000, 0x0000000084400000|  0%| F|  |TAMS 0x0000000084300000, 0x0000000084300000| Untracked 
|  28|0x0000000084400000, 0x0000000084400000, 0x0000000084500000|  0%| F|  |TAMS 0x0000000084400000, 0x0000000084400000| Untracked 
|  29|0x0000000084500000, 0x0000000084500000, 0x0000000084600000|  0%| F|  |TAMS 0x0000000084500000, 0x0000000084500000| Untracked 
|  30|0x0000000084600000, 0x0000000084600000, 0x0000000084700000|  0%| F|  |TAMS 0x0000000084600000, 0x0000000084600000| Untracked 
|  31|0x0000000084700000, 0x0000000084700000, 0x0000000084800000|  0%| F|  |TAMS 0x0000000084700000, 0x0000000084700000| Untracked 
|  32|0x0000000084800000, 0x0000000084800000, 0x0000000084900000|  0%| F|  |TAMS 0x0000000084800000, 0x0000000084800000| Untracked 
|  33|0x0000000084900000, 0x0000000084900000, 0x0000000084a00000|  0%| F|  |TAMS 0x0000000084900000, 0x0000000084900000| Untracked 
|  34|0x0000000084a00000, 0x0000000084a00000, 0x0000000084b00000|  0%| F|  |TAMS 0x0000000084a00000, 0x0000000084a00000| Untracked 
|  35|0x0000000084b00000, 0x0000000084b00000, 0x0000000084c00000|  0%| F|  |TAMS 0x0000000084b00000, 0x0000000084b00000| Untracked 
|  36|0x0000000084c00000, 0x0000000084c00000, 0x0000000084d00000|  0%| F|  |TAMS 0x0000000084c00000, 0x0000000084c00000| Untracked 
|  37|0x0000000084d00000, 0x0000000084d00000, 0x0000000084e00000|  0%| F|  |TAMS 0x0000000084d00000, 0x0000000084d00000| Untracked 
|  38|0x0000000084e00000, 0x0000000084e00000, 0x0000000084f00000|  0%| F|  |TAMS 0x0000000084e00000, 0x0000000084e00000| Untracked 
|  39|0x0000000084f00000, 0x0000000084f00000, 0x0000000085000000|  0%| F|  |TAMS 0x0000000084f00000, 0x0000000084f00000| Untracked 
|  40|0x0000000085000000, 0x0000000085000000, 0x0000000085100000|  0%| F|  |TAMS 0x0000000085000000, 0x0000000085000000| Untracked 
|  41|0x0000000085100000, 0x0000000085100000, 0x0000000085200000|  0%| F|  |TAMS 0x0000000085100000, 0x0000000085100000| Untracked 
|  42|0x0000000085200000, 0x0000000085200000, 0x0000000085300000|  0%| F|  |TAMS 0x0000000085200000, 0x0000000085200000| Untracked 
|  43|0x0000000085300000, 0x0000000085300000, 0x0000000085400000|  0%| F|  |TAMS 0x0000000085300000, 0x0000000085300000| Untracked 
|  44|0x0000000085400000, 0x0000000085400000, 0x0000000085500000|  0%| F|  |TAMS 0x0000000085400000, 0x0000000085400000| Untracked 
|  45|0x0000000085500000, 0x0000000085500000, 0x0000000085600000|  0%| F|  |TAMS 0x0000000085500000, 0x0000000085500000| Untracked 
|  46|0x0000000085600000, 0x0000000085600000, 0x0000000085700000|  0%| F|  |TAMS 0x0000000085600000, 0x0000000085600000| Untracked 
|  47|0x0000000085700000, 0x0000000085700000, 0x0000000085800000|  0%| F|  |TAMS 0x0000000085700000, 0x0000000085700000| Untracked 
|  48|0x0000000085800000, 0x0000000085800000, 0x0000000085900000|  0%| F|  |TAMS 0x0000000085800000, 0x0000000085800000| Untracked 
|  49|0x0000000085900000, 0x0000000085900000, 0x0000000085a00000|  0%| F|  |TAMS 0x0000000085900000, 0x0000000085900000| Untracked 
|  50|0x0000000085a00000, 0x0000000085a00000, 0x0000000085b00000|  0%| F|  |TAMS 0x0000000085a00000, 0x0000000085a00000| Untracked 
|  51|0x0000000085b00000, 0x0000000085b00000, 0x0000000085c00000|  0%| F|  |TAMS 0x0000000085b00000, 0x0000000085b00000| Untracked 
|  52|0x0000000085c00000, 0x0000000085c00000, 0x0000000085d00000|  0%| F|  |TAMS 0x0000000085c00000, 0x0000000085c00000| Untracked 
|  53|0x0000000085d00000, 0x0000000085d00000, 0x0000000085e00000|  0%| F|  |TAMS 0x0000000085d00000, 0x0000000085d00000| Untracked 
|  54|0x0000000085e00000, 0x0000000085e00000, 0x0000000085f00000|  0%| F|  |TAMS 0x0000000085e00000, 0x0000000085e00000| Untracked 
|  55|0x0000000085f00000, 0x0000000085f00000, 0x0000000086000000|  0%| F|  |TAMS 0x0000000085f00000, 0x0000000085f00000| Untracked 
|  56|0x0000000086000000, 0x0000000086000000, 0x0000000086100000|  0%| F|  |TAMS 0x0000000086000000, 0x0000000086000000| Untracked 
|  57|0x0000000086100000, 0x0000000086100000, 0x0000000086200000|  0%| F|  |TAMS 0x0000000086100000, 0x0000000086100000| Untracked 
|  58|0x0000000086200000, 0x0000000086200000, 0x0000000086300000|  0%| F|  |TAMS 0x0000000086200000, 0x0000000086200000| Untracked 
|  59|0x0000000086300000, 0x0000000086300000, 0x0000000086400000|  0%| F|  |TAMS 0x0000000086300000, 0x0000000086300000| Untracked 
|  60|0x0000000086400000, 0x0000000086400000, 0x0000000086500000|  0%| F|  |TAMS 0x0000000086400000, 0x0000000086400000| Untracked 
|  61|0x0000000086500000, 0x0000000086500000, 0x0000000086600000|  0%| F|  |TAMS 0x0000000086500000, 0x0000000086500000| Untracked 
|  62|0x0000000086600000, 0x0000000086600000, 0x0000000086700000|  0%| F|  |TAMS 0x0000000086600000, 0x0000000086600000| Untracked 
|  63|0x0000000086700000, 0x0000000086700000, 0x0000000086800000|  0%| F|  |TAMS 0x0000000086700000, 0x0000000086700000| Untracked 
|  64|0x0000000086800000, 0x0000000086800000, 0x0000000086900000|  0%| F|  |TAMS 0x0000000086800000, 0x0000000086800000| Untracked 
|  65|0x0000000086900000, 0x0000000086900000, 0x0000000086a00000|  0%| F|  |TAMS 0x0000000086900000, 0x0000000086900000| Untracked 
|  66|0x0000000086a00000, 0x0000000086a00000, 0x0000000086b00000|  0%| F|  |TAMS 0x0000000086a00000, 0x0000000086a00000| Untracked 
|  67|0x0000000086b00000, 0x0000000086b00000, 0x0000000086c00000|  0%| F|  |TAMS 0x0000000086b00000, 0x0000000086b00000| Untracked 
|  68|0x0000000086c00000, 0x0000000086c00000, 0x0000000086d00000|  0%| F|  |TAMS 0x0000000086c00000, 0x0000000086c00000| Untracked 
|  69|0x0000000086d00000, 0x0000000086d00000, 0x0000000086e00000|  0%| F|  |TAMS 0x0000000086d00000, 0x0000000086d00000| Untracked 
|  70|0x0000000086e00000, 0x0000000086e00000, 0x0000000086f00000|  0%| F|  |TAMS 0x0000000086e00000, 0x0000000086e00000| Untracked 
|  71|0x0000000086f00000, 0x0000000086f00000, 0x0000000087000000|  0%| F|  |TAMS 0x0000000086f00000, 0x0000000086f00000| Untracked 
|  72|0x0000000087000000, 0x0000000087000000, 0x0000000087100000|  0%| F|  |TAMS 0x0000000087000000, 0x0000000087000000| Untracked 
|  73|0x0000000087100000, 0x0000000087100000, 0x0000000087200000|  0%| F|  |TAMS 0x0000000087100000, 0x0000000087100000| Untracked 
|  74|0x0000000087200000, 0x0000000087200000, 0x0000000087300000|  0%| F|  |TAMS 0x0000000087200000, 0x0000000087200000| Untracked 
|  75|0x0000000087300000, 0x0000000087300000, 0x0000000087400000|  0%| F|  |TAMS 0x0000000087300000, 0x0000000087300000| Untracked 
|  76|0x0000000087400000, 0x0000000087400000, 0x0000000087500000|  0%| F|  |TAMS 0x0000000087400000, 0x0000000087400000| Untracked 
|  77|0x0000000087500000, 0x0000000087500000, 0x0000000087600000|  0%| F|  |TAMS 0x0000000087500000, 0x0000000087500000| Untracked 
|  78|0x0000000087600000, 0x0000000087600000, 0x0000000087700000|  0%| F|  |TAMS 0x0000000087600000, 0x0000000087600000| Untracked 
|  79|0x0000000087700000, 0x0000000087700000, 0x0000000087800000|  0%| F|  |TAMS 0x0000000087700000, 0x0000000087700000| Untracked 
|  80|0x0000000087800000, 0x0000000087800000, 0x0000000087900000|  0%| F|  |TAMS 0x0000000087800000, 0x0000000087800000| Untracked 
|  81|0x0000000087900000, 0x0000000087900000, 0x0000000087a00000|  0%| F|  |TAMS 0x0000000087900000, 0x0000000087900000| Untracked 
|  82|0x0000000087a00000, 0x0000000087a00000, 0x0000000087b00000|  0%| F|  |TAMS 0x0000000087a00000, 0x0000000087a00000| Untracked 
|  83|0x0000000087b00000, 0x0000000087b00000, 0x0000000087c00000|  0%| F|  |TAMS 0x0000000087b00000, 0x0000000087b00000| Untracked 
|  84|0x0000000087c00000, 0x0000000087c00000, 0x0000000087d00000|  0%| F|  |TAMS 0x0000000087c00000, 0x0000000087c00000| Untracked 
|  85|0x0000000087d00000, 0x0000000087d00000, 0x0000000087e00000|  0%| F|  |TAMS 0x0000000087d00000, 0x0000000087d00000| Untracked 
|  86|0x0000000087e00000, 0x0000000087e00000, 0x0000000087f00000|  0%| F|  |TAMS 0x0000000087e00000, 0x0000000087e00000| Untracked 
|  87|0x0000000087f00000, 0x0000000087f00000, 0x0000000088000000|  0%| F|  |TAMS 0x0000000087f00000, 0x0000000087f00000| Untracked 
|  88|0x0000000088000000, 0x0000000088000000, 0x0000000088100000|  0%| F|  |TAMS 0x0000000088000000, 0x0000000088000000| Untracked 
|  89|0x0000000088100000, 0x0000000088100000, 0x0000000088200000|  0%| F|  |TAMS 0x0000000088100000, 0x0000000088100000| Untracked 
|  90|0x0000000088200000, 0x0000000088200000, 0x0000000088300000|  0%| F|  |TAMS 0x0000000088200000, 0x0000000088200000| Untracked 
|  91|0x0000000088300000, 0x0000000088300000, 0x0000000088400000|  0%| F|  |TAMS 0x0000000088300000, 0x0000000088300000| Untracked 
|  92|0x0000000088400000, 0x0000000088400000, 0x0000000088500000|  0%| F|  |TAMS 0x0000000088400000, 0x0000000088400000| Untracked 
|  93|0x0000000088500000, 0x0000000088500000, 0x0000000088600000|  0%| F|  |TAMS 0x0000000088500000, 0x0000000088500000| Untracked 
|  94|0x0000000088600000, 0x0000000088600000, 0x0000000088700000|  0%| F|  |TAMS 0x0000000088600000, 0x0000000088600000| Untracked 
|  95|0x0000000088700000, 0x0000000088700000, 0x0000000088800000|  0%| F|  |TAMS 0x0000000088700000, 0x0000000088700000| Untracked 
|  96|0x0000000088800000, 0x0000000088800000, 0x0000000088900000|  0%| F|  |TAMS 0x0000000088800000, 0x0000000088800000| Untracked 
|  97|0x0000000088900000, 0x0000000088900000, 0x0000000088a00000|  0%| F|  |TAMS 0x0000000088900000, 0x0000000088900000| Untracked 
|  98|0x0000000088a00000, 0x0000000088a00000, 0x0000000088b00000|  0%| F|  |TAMS 0x0000000088a00000, 0x0000000088a00000| Untracked 
|  99|0x0000000088b00000, 0x0000000088b00000, 0x0000000088c00000|  0%| F|  |TAMS 0x0000000088b00000, 0x0000000088b00000| Untracked 
| 100|0x0000000088c00000, 0x0000000088c00000, 0x0000000088d00000|  0%| F|  |TAMS 0x0000000088c00000, 0x0000000088c00000| Untracked 
| 101|0x0000000088d00000, 0x0000000088d00000, 0x0000000088e00000|  0%| F|  |TAMS 0x0000000088d00000, 0x0000000088d00000| Untracked 
| 102|0x0000000088e00000, 0x0000000088e00000, 0x0000000088f00000|  0%| F|  |TAMS 0x0000000088e00000, 0x0000000088e00000| Untracked 
| 103|0x0000000088f00000, 0x0000000088f00000, 0x0000000089000000|  0%| F|  |TAMS 0x0000000088f00000, 0x0000000088f00000| Untracked 
| 104|0x0000000089000000, 0x0000000089000000, 0x0000000089100000|  0%| F|  |TAMS 0x0000000089000000, 0x0000000089000000| Untracked 
| 105|0x0000000089100000, 0x0000000089100000, 0x0000000089200000|  0%| F|  |TAMS 0x0000000089100000, 0x0000000089100000| Untracked 
| 106|0x0000000089200000, 0x0000000089200000, 0x0000000089300000|  0%| F|  |TAMS 0x0000000089200000, 0x0000000089200000| Untracked 
| 107|0x0000000089300000, 0x0000000089300000, 0x0000000089400000|  0%| F|  |TAMS 0x0000000089300000, 0x0000000089300000| Untracked 
| 108|0x0000000089400000, 0x0000000089400000, 0x0000000089500000|  0%| F|  |TAMS 0x0000000089400000, 0x0000000089400000| Untracked 
| 109|0x0000000089500000, 0x0000000089500000, 0x0000000089600000|  0%| F|  |TAMS 0x0000000089500000, 0x0000000089500000| Untracked 
| 110|0x0000000089600000, 0x0000000089600000, 0x0000000089700000|  0%| F|  |TAMS 0x0000000089600000, 0x0000000089600000| Untracked 
| 111|0x0000000089700000, 0x0000000089700000, 0x0000000089800000|  0%| F|  |TAMS 0x0000000089700000, 0x0000000089700000| Untracked 
| 112|0x0000000089800000, 0x00000000898dfd90, 0x0000000089900000| 87%| S|CS|TAMS 0x0000000089800000, 0x0000000089800000| Complete 
| 113|0x0000000089900000, 0x0000000089a00000, 0x0000000089a00000|100%| S|CS|TAMS 0x0000000089900000, 0x0000000089900000| Complete 
| 114|0x0000000089a00000, 0x0000000089b00000, 0x0000000089b00000|100%| S|CS|TAMS 0x0000000089a00000, 0x0000000089a00000| Complete 
| 115|0x0000000089b00000, 0x0000000089b00000, 0x0000000089c00000|  0%| F|  |TAMS 0x0000000089b00000, 0x0000000089b00000| Untracked 
| 116|0x0000000089c00000, 0x0000000089c00000, 0x0000000089d00000|  0%| F|  |TAMS 0x0000000089c00000, 0x0000000089c00000| Untracked 
| 117|0x0000000089d00000, 0x0000000089d00000, 0x0000000089e00000|  0%| F|  |TAMS 0x0000000089d00000, 0x0000000089d00000| Untracked 
| 118|0x0000000089e00000, 0x0000000089e00000, 0x0000000089f00000|  0%| F|  |TAMS 0x0000000089e00000, 0x0000000089e00000| Untracked 
| 119|0x0000000089f00000, 0x0000000089f00000, 0x000000008a000000|  0%| F|  |TAMS 0x0000000089f00000, 0x0000000089f00000| Untracked 
| 120|0x000000008a000000, 0x000000008a000000, 0x000000008a100000|  0%| F|  |TAMS 0x000000008a000000, 0x000000008a000000| Untracked 
| 121|0x000000008a100000, 0x000000008a100000, 0x000000008a200000|  0%| F|  |TAMS 0x000000008a100000, 0x000000008a100000| Untracked 
| 122|0x000000008a200000, 0x000000008a200000, 0x000000008a300000|  0%| F|  |TAMS 0x000000008a200000, 0x000000008a200000| Untracked 
| 123|0x000000008a300000, 0x000000008a300000, 0x000000008a400000|  0%| F|  |TAMS 0x000000008a300000, 0x000000008a300000| Untracked 
| 124|0x000000008a400000, 0x000000008a400000, 0x000000008a500000|  0%| F|  |TAMS 0x000000008a400000, 0x000000008a400000| Untracked 
| 125|0x000000008a500000, 0x000000008a500000, 0x000000008a600000|  0%| F|  |TAMS 0x000000008a500000, 0x000000008a500000| Untracked 

Card table byte_map: [0x000001d29db40000,0x000001d29df30000] _byte_map_base: 0x000001d29d72c000

Marking Bits (Prev, Next): (CMBitMap*) 0x000001d28a960688, (CMBitMap*) 0x000001d28a9606c0
 Prev Bits: [0x000001d29e320000, 0x000001d2a0280000)
 Next Bits: [0x000001d2a0280000, 0x000001d2a21e0000)

Polling page: 0x000001d288ad0000

Metaspace:

Usage:
  Non-class:      7.24 MB capacity,     7.15 MB ( 99%) used,    84.77 KB (  1%) free+waste,     6.69 KB ( <1%) overhead. 
      Class:    793.00 KB capacity,   727.89 KB ( 92%) used,    61.92 KB (  8%) free+waste,     3.19 KB ( <1%) overhead. 
       Both:      8.01 MB capacity,     7.86 MB ( 98%) used,   146.70 KB (  2%) free+waste,     9.88 KB ( <1%) overhead. 

Virtual space:
  Non-class space:       16.00 MB reserved,       7.25 MB ( 45%) committed 
      Class space:        1.00 GB reserved,     896.00 KB ( <1%) committed 
             Both:        1.02 GB reserved,       8.13 MB ( <1%) committed 

Chunk freelists:
   Non-Class:  15.00 KB
       Class:  7.00 KB
        Both:  22.00 KB

MaxMetaspaceSize: 17179869184.00 GB
CompressedClassSpaceSize: 1.00 GB

CodeHeap 'non-profiled nmethods': size=120000Kb used=149Kb max_used=149Kb free=119851Kb
 bounds [0x000001d295ef0000, 0x000001d296160000, 0x000001d29d420000]
CodeHeap 'profiled nmethods': size=120000Kb used=732Kb max_used=732Kb free=119267Kb
 bounds [0x000001d28e9c0000, 0x000001d28ec30000, 0x000001d295ef0000]
CodeHeap 'non-nmethods': size=5760Kb used=1064Kb max_used=1080Kb free=4695Kb
 bounds [0x000001d28e420000, 0x000001d28e690000, 0x000001d28e9c0000]
 total_blobs=868 nmethods=506 adapters=274
 compilation: enabled
              stopped_count=0, restarted_count=0
 full_count=0

Compilation events (20 events):
Event: 0.553 Thread 0x000001d2a4ce8000 nmethod 494 0x000001d28ea73210 code [0x000001d28ea734c0, 0x000001d28ea741d8]
Event: 0.553 Thread 0x000001d2a4ce8000  495       3       java.util.ArrayDeque::elementAt (4 bytes)
Event: 0.553 Thread 0x000001d2a4ce8000 nmethod 495 0x000001d28ea74690 code [0x000001d28ea74840, 0x000001d28ea74958]
Event: 0.553 Thread 0x000001d2a4ce8000  497       3       java.lang.ClassLoader::findLoadedClass (16 bytes)
Event: 0.553 Thread 0x000001d2a4ce8000 nmethod 497 0x000001d28ea74a10 code [0x000001d28ea74be0, 0x000001d28ea74db8]
Event: 0.553 Thread 0x000001d2a4ce8000  496       1       java.lang.NamedPackage::module (5 bytes)
Event: 0.553 Thread 0x000001d2a4ce8000 nmethod 496 0x000001d295f11f10 code [0x000001d295f120c0, 0x000001d295f12178]
Event: 0.553 Thread 0x000001d2a4ce8000  498       3       java.io.InputStream::<init> (5 bytes)
Event: 0.553 Thread 0x000001d2a4ce8000 nmethod 498 0x000001d28ea74e90 code [0x000001d28ea75040, 0x000001d28ea75198]
Event: 0.553 Thread 0x000001d2a4ce8000  499       3       java.lang.Integer::valueOf (32 bytes)
Event: 0.553 Thread 0x000001d2a4ce8000 nmethod 499 0x000001d28ea75290 code [0x000001d28ea75460, 0x000001d28ea75778]
Event: 0.553 Thread 0x000001d2a4ce8000  500   !   3       jdk.internal.loader.URLClassPath$JarLoader::ensureOpen (36 bytes)
Event: 0.554 Thread 0x000001d2a4ce8000 nmethod 500 0x000001d28ea75910 code [0x000001d28ea75b00, 0x000001d28ea75f18]
Event: 0.554 Thread 0x000001d2a4ce8000  501       3       java.lang.String::<init> (14 bytes)
Event: 0.554 Thread 0x000001d2a4ce8000 nmethod 501 0x000001d28ea76090 code [0x000001d28ea76260, 0x000001d28ea76458]
Event: 0.554 Thread 0x000001d2a4ce8000  502       3       java.lang.String::rangeCheck (9 bytes)
Event: 0.554 Thread 0x000001d2a4ce8000 nmethod 502 0x000001d28ea76590 code [0x000001d28ea76740, 0x000001d28ea76868]
Event: 0.554 Thread 0x000001d2a4ce8000  504       3       java.util.LinkedList::indexOf (73 bytes)
Event: 0.554 Thread 0x000001d2a4ce8000 nmethod 504 0x000001d28ea76910 code [0x000001d28ea76b00, 0x000001d28ea76f48]
Event: 0.554 Thread 0x000001d2a4ce8000  505   !   3       java.io.BufferedReader::readLine (304 bytes)

GC Heap History (0 events):
No events

Deoptimization events (20 events):
Event: 0.530 Thread 0x000001d28a920000 DEOPT PACKING pc=0x000001d28ea5ee0b sp=0x00000023bfdfda70
Event: 0.530 Thread 0x000001d28a920000 DEOPT UNPACKING pc=0x000001d28e446dde sp=0x00000023bfdfcf40 mode 0
Event: 0.530 Thread 0x000001d28a920000 DEOPT PACKING pc=0x000001d28ea5ee0b sp=0x00000023bfdfda70
Event: 0.530 Thread 0x000001d28a920000 DEOPT UNPACKING pc=0x000001d28e446dde sp=0x00000023bfdfcf40 mode 0
Event: 0.530 Thread 0x000001d28a920000 DEOPT PACKING pc=0x000001d28ea5ee0b sp=0x00000023bfdfda70
Event: 0.530 Thread 0x000001d28a920000 DEOPT UNPACKING pc=0x000001d28e446dde sp=0x00000023bfdfcf40 mode 0
Event: 0.530 Thread 0x000001d28a920000 DEOPT PACKING pc=0x000001d28ea5ee0b sp=0x00000023bfdfda70
Event: 0.530 Thread 0x000001d28a920000 DEOPT UNPACKING pc=0x000001d28e446dde sp=0x00000023bfdfcf40 mode 0
Event: 0.530 Thread 0x000001d28a920000 DEOPT PACKING pc=0x000001d28ea5ee0b sp=0x00000023bfdfda70
Event: 0.530 Thread 0x000001d28a920000 DEOPT UNPACKING pc=0x000001d28e446dde sp=0x00000023bfdfcf40 mode 0
Event: 0.530 Thread 0x000001d28a920000 DEOPT PACKING pc=0x000001d28ea5ee0b sp=0x00000023bfdfda70
Event: 0.530 Thread 0x000001d28a920000 DEOPT UNPACKING pc=0x000001d28e446dde sp=0x00000023bfdfcf40 mode 0
Event: 0.530 Thread 0x000001d28a920000 DEOPT PACKING pc=0x000001d28ea5ee0b sp=0x00000023bfdfda70
Event: 0.530 Thread 0x000001d28a920000 DEOPT UNPACKING pc=0x000001d28e446dde sp=0x00000023bfdfcf40 mode 0
Event: 0.530 Thread 0x000001d28a920000 DEOPT PACKING pc=0x000001d28ea5ee0b sp=0x00000023bfdfda70
Event: 0.530 Thread 0x000001d28a920000 DEOPT UNPACKING pc=0x000001d28e446dde sp=0x00000023bfdfcf40 mode 0
Event: 0.530 Thread 0x000001d28a920000 DEOPT PACKING pc=0x000001d28ea5ee0b sp=0x00000023bfdfda70
Event: 0.530 Thread 0x000001d28a920000 DEOPT UNPACKING pc=0x000001d28e446dde sp=0x00000023bfdfcf40 mode 0
Event: 0.530 Thread 0x000001d28a920000 DEOPT PACKING pc=0x000001d28ea5ee0b sp=0x00000023bfdfda70
Event: 0.530 Thread 0x000001d28a920000 DEOPT UNPACKING pc=0x000001d28e446dde sp=0x00000023bfdfcf40 mode 0

Classes redefined (0 events):
No events

Internal exceptions (3 events):
Event: 0.179 Thread 0x000001d28a920000 Exception <a 'java/lang/NoSuchMethodError'{0x000000008a49fb38}: 'int java.lang.invoke.DirectMethodHandle$Holder.invokeSpecialIFC(java.lang.Object, java.lang.Object, int)'> (0x000000008a49fb38) thrown at [./src/hotspot/share/interpreter/linkResolver.cpp, line 773]
Event: 0.300 Thread 0x000001d28a920000 Exception <a 'java/lang/NoSuchMethodError'{0x000000008a26af20}: 'int java.lang.invoke.DirectMethodHandle$Holder.invokeStaticInit(java.lang.Object, java.lang.Object)'> (0x000000008a26af20) thrown at [./src/hotspot/share/interpreter/linkResolver.cpp, line 773]
Event: 0.381 Thread 0x000001d28a920000 Exception <a 'java/lang/NoSuchMethodError'{0x000000008a125c78}: 'int java.lang.invoke.DirectMethodHandle$Holder.invokeSpecial(java.lang.Object, java.lang.Object, java.lang.Object, java.lang.Object)'> (0x000000008a125c78) thrown at [./src/hotspot/share/interpreter/linkResolver.cpp, line 773]

Events (20 events):
Event: 0.384 loading class org/gradle/api/Transformer
Event: 0.384 loading class org/gradle/api/Transformer done
Event: 0.539 loading class org/gradle/internal/classloader/VisitableURLClassLoader$Spec
Event: 0.539 loading class org/gradle/internal/classloader/VisitableURLClassLoader$Spec done
Event: 0.545 loading class org/gradle/launcher/Main
Event: 0.545 loading class org/gradle/launcher/Main done
Event: 0.548 loading class java/io/BufferedReader
Event: 0.548 loading class java/io/BufferedReader done
Event: 0.548 loading class sun/nio/cs/StreamDecoder
Event: 0.548 loading class sun/nio/cs/StreamDecoder done
Event: 0.550 loading class sun/security/util/ManifestEntryVerifier
Event: 0.550 loading class sun/security/util/ManifestEntryVerifier done
Event: 0.551 loading class org/gradle/launcher/bootstrap/EntryPoint
Event: 0.551 loading class org/gradle/launcher/bootstrap/EntryPoint done
Event: 0.552 loading class org/gradle/launcher/bootstrap/ExecutionListener
Event: 0.552 loading class org/gradle/launcher/bootstrap/ExecutionListener done
Event: 0.552 loading class org/gradle/initialization/BuildClientMetaData
Event: 0.552 loading class org/gradle/initialization/BuildClientMetaData done
Event: 0.553 loading class org/gradle/api/logging/configuration/LoggingConfiguration
Event: 0.553 loading class org/gradle/api/logging/configuration/LoggingConfiguration done


Dynamic libraries:
0x00007ff75b050000 - 0x00007ff75b05a000 	C:\Program Files\Android\Android Studio\jre\bin\java.exe
0x00007ff8426a0000 - 0x00007ff8428a9000 	C:\WINDOWS\SYSTEM32\ntdll.dll
0x00007ff841740000 - 0x00007ff8417fd000 	C:\WINDOWS\System32\KERNEL32.DLL
0x00007ff83fb90000 - 0x00007ff83ff04000 	C:\WINDOWS\System32\KERNELBASE.dll
0x00007ff83ff10000 - 0x00007ff840021000 	C:\WINDOWS\System32\ucrtbase.dll
0x00007ff835520000 - 0x00007ff835539000 	C:\Program Files\Android\Android Studio\jre\bin\jli.dll
0x00007ff835500000 - 0x00007ff835517000 	C:\Program Files\Android\Android Studio\jre\bin\VCRUNTIME140.dll
0x00007ff841810000 - 0x00007ff8419bc000 	C:\WINDOWS\System32\USER32.dll
0x00007ff840030000 - 0x00007ff840056000 	C:\WINDOWS\System32\win32u.dll
0x00007ff82f550000 - 0x00007ff82f7f5000 	C:\WINDOWS\WinSxS\amd64_microsoft.windows.common-controls_6595b64144ccf1df_6.0.22000.120_none_9d947278b86cc467\COMCTL32.dll
0x00007ff8412b0000 - 0x00007ff8412d9000 	C:\WINDOWS\System32\GDI32.dll
0x00007ff840420000 - 0x00007ff840532000 	C:\WINDOWS\System32\gdi32full.dll
0x00007ff840740000 - 0x00007ff8407e3000 	C:\WINDOWS\System32\msvcrt.dll
0x00007ff840120000 - 0x00007ff8401bd000 	C:\WINDOWS\System32\msvcp_win.dll
0x00007ff841f20000 - 0x00007ff841f51000 	C:\WINDOWS\System32\IMM32.DLL
0x00007ff80aea0000 - 0x00007ff80af3d000 	C:\Program Files\Android\Android Studio\jre\bin\msvcp140.dll
0x00007fffd4f30000 - 0x00007fffd5a05000 	C:\Program Files\Android\Android Studio\jre\bin\server\jvm.dll
0x00007ff840a50000 - 0x00007ff840afe000 	C:\WINDOWS\System32\ADVAPI32.dll
0x00007ff8415a0000 - 0x00007ff84163e000 	C:\WINDOWS\System32\sechost.dll
0x00007ff8405c0000 - 0x00007ff8406e0000 	C:\WINDOWS\System32\RPCRT4.dll
0x00007ff841800000 - 0x00007ff841808000 	C:\WINDOWS\System32\PSAPI.DLL
0x00007ff83a740000 - 0x00007ff83a773000 	C:\WINDOWS\SYSTEM32\WINMM.dll
0x00007ff8391f0000 - 0x00007ff8391fa000 	C:\WINDOWS\SYSTEM32\VERSION.dll
0x00007ff838090000 - 0x00007ff838099000 	C:\WINDOWS\SYSTEM32\WSOCK32.dll
0x00007ff841eb0000 - 0x00007ff841f1f000 	C:\WINDOWS\System32\ws2_32.DLL
0x00007ff83ed30000 - 0x00007ff83ed48000 	C:\WINDOWS\SYSTEM32\kernel.appcore.dll
0x00007ff837fc0000 - 0x00007ff837fd1000 	C:\Program Files\Android\Android Studio\jre\bin\verify.dll
0x00007ff83d5b0000 - 0x00007ff83d7d1000 	C:\WINDOWS\SYSTEM32\DBGHELP.DLL
0x00007ff830980000 - 0x00007ff8309b1000 	C:\WINDOWS\SYSTEM32\dbgcore.DLL
0x00007ff8401c0000 - 0x00007ff84023f000 	C:\WINDOWS\System32\bcryptPrimitives.dll
0x00007ff834fd0000 - 0x00007ff834ff9000 	C:\Program Files\Android\Android Studio\jre\bin\java.dll
0x00007ff838080000 - 0x00007ff83808b000 	C:\Program Files\Android\Android Studio\jre\bin\jimage.dll
0x00007ff836370000 - 0x00007ff836388000 	C:\Program Files\Android\Android Studio\jre\bin\zip.dll
0x00007ff840b00000 - 0x00007ff8412ae000 	C:\WINDOWS\System32\SHELL32.dll
0x00007ff83dd00000 - 0x00007ff83e567000 	C:\WINDOWS\SYSTEM32\windows.storage.dll
0x00007ff842120000 - 0x00007ff842498000 	C:\WINDOWS\System32\combase.dll
0x00007ff83db90000 - 0x00007ff83dcf6000 	C:\WINDOWS\SYSTEM32\wintypes.dll
0x00007ff8414b0000 - 0x00007ff84159a000 	C:\WINDOWS\System32\SHCORE.dll
0x00007ff842510000 - 0x00007ff84256d000 	C:\WINDOWS\System32\shlwapi.dll
0x00007ff83fac0000 - 0x00007ff83fae1000 	C:\WINDOWS\SYSTEM32\profapi.dll
0x00007ff832ad0000 - 0x00007ff832aea000 	C:\Program Files\Android\Android Studio\jre\bin\net.dll
0x00007ff839df0000 - 0x00007ff839efc000 	C:\WINDOWS\SYSTEM32\WINHTTP.dll
0x00007ff83f1b0000 - 0x00007ff83f217000 	C:\WINDOWS\system32\mswsock.dll
0x00007ff827330000 - 0x00007ff827344000 	C:\Program Files\Android\Android Studio\jre\bin\nio.dll

dbghelp: loaded successfully - version: 4.0.5 - missing functions: none
symbol engine: initialized successfully - sym options: 0x614 - pdb path: .;C:\Program Files\Android\Android Studio\jre\bin;C:\WINDOWS\SYSTEM32;C:\WINDOWS\WinSxS\amd64_microsoft.windows.common-controls_6595b64144ccf1df_6.0.22000.120_none_9d947278b86cc467;C:\Program Files\Android\Android Studio\jre\bin\server

VM Arguments:
jvm_args: -Dorg.gradle.appname=gradlew 
java_command: org.gradle.wrapper.GradleWrapperMain -q -Ptarget-platform=android-arm64 -Ptarget=C:\Users\venu\Desktop\flutter\HST Calcuator\lib\main.dart -Pdart-defines=Zmx1dHRlci5pbnNwZWN0b3Iuc3RydWN0dXJlZEVycm9ycz10cnVl,RkxVVFRFUl9XRUJfQVVUT19ERVRFQ1Q9dHJ1ZQ== -Pdart-obfuscation=false -Ptrack-widget-creation=true -Ptree-shake-icons=false -Pfilesystem-scheme=org-dartlang-root assembleDebug
java_class_path (initial): C:\Users\venu\Desktop\flutter\HST Calcuator\android\\gradle\wrapper\gradle-wrapper.jar
Launcher Type: SUN_STANDARD

[Global flags]
     intx CICompilerCount                          = 4                                         {product} {ergonomic}
     uint ConcGCThreads                            = 2                                         {product} {ergonomic}
     uint G1ConcRefinementThreads                  = 8                                         {product} {ergonomic}
   size_t G1HeapRegionSize                         = 1048576                                   {product} {ergonomic}
    uintx GCDrainStackTargetSize                   = 64                                        {product} {ergonomic}
   size_t InitialHeapSize                          = 132120576                                 {product} {ergonomic}
   size_t MarkStackSize                            = 4194304                                   {product} {ergonomic}
   size_t MaxHeapSize                              = 2105540608                                {product} {ergonomic}
   size_t MaxNewSize                               = 1262485504                                {product} {ergonomic}
   size_t MinHeapDeltaBytes                        = 1048576                                   {product} {ergonomic}
    uintx NonNMethodCodeHeapSize                   = 5836300                                {pd product} {ergonomic}
    uintx NonProfiledCodeHeapSize                  = 122910970                              {pd product} {ergonomic}
    uintx ProfiledCodeHeapSize                     = 122910970                              {pd product} {ergonomic}
    uintx ReservedCodeCacheSize                    = 251658240                              {pd product} {ergonomic}
     bool SegmentedCodeCache                       = true                                      {product} {ergonomic}
     bool UseCompressedClassPointers               = true                                 {lp64_product} {ergonomic}
     bool UseCompressedOops                        = true                                 {lp64_product} {ergonomic}
     bool UseG1GC                                  = true                                      {product} {ergonomic}
     bool UseLargePagesIndividualAllocation        = false                                  {pd product} {ergonomic}

Logging:
Log output configuration:
 #0: stdout all=warning uptime,level,tags
 #1: stderr all=off uptime,level,tags

Environment Variables:
JAVA_HOME=C:\Program Files\Android\Android Studio\jre
CLASSPATH=C:\Users\venu\Desktop\flutter\HST Calcuator\android\\gradle\wrapper\gradle-wrapper.jar
PATH=C:\Users\venu\Scripts\;C:\Users\venu\;C:\Users\venu\Desktop\my class files\Scripts\;C:\Users\venu\Desktop\my class files\;C:\Program Files\Common Files\Oracle\Java\javapath;C:\oraclexe\app\oracle\product\11.2.0\server\bin;C:\Users\venu\Downloads\openjdk-14.0.2_windows-x64_bin\jdk-14.0.2\bin;C:\Windows\system32;C:\Windows;C:\Windows\System32\Wbem;C:\Windows\System32\WindowsPowerShell\v1.0\;C:\Windows\System32\OpenSSH\;C:\Program Files (x86)\NVIDIA Corporation\PhysX\Common;C:\Program Files\NVIDIA Corporation\NVIDIA NvDLISR;C:\TDM-GCC-32\bin;C:\Program Files\Git\cmd;C:\WINDOWS\system32;C:\WINDOWS;C:\WINDOWS\System32\Wbem;C:\WINDOWS\System32\WindowsPowerShell\v1.0\;C:\WINDOWS\System32\OpenSSH\;C:\src\flutter\bin;C:\Program Files\flutter\bin;"C:\Program Files\Java\jdk-16\bin;";C:\Users\venu\AppData\Local\Programs\Python\Launcher\;C:\Users\venu\AppData\Local\Programs\Microsoft VS Code\bin;C:\Users\venu\AppData\Local\Microsoft\WindowsApps;;C:\src\flutter\bin\mingit\cmd
USERNAME=venu
OS=Windows_NT
PROCESSOR_IDENTIFIER=Intel64 Family 6 Model 158 Stepping 13, GenuineIntel



---------------  S Y S T E M  ---------------

OS: Windows 10 , 64 bit Build 22000 (10.0.22000.434)
OS uptime: 3 days 2:51 hours

CPU:total 8 (initial active 8) (4 cores per cpu, 2 threads per core) family 6 model 158 stepping 13 microcode 0xde, cmov, cx8, fxsr, mmx, sse, sse2, sse3, ssse3, sse4.1, sse4.2, popcnt, avx, avx2, aes, clmul, erms, 3dnowpref, lzcnt, ht, tsc, tscinvbit, bmi1, bmi2, adx, fma

Memory: 4k page, system-wide physical 8029M (193M free)
TotalPageFile size 29254M (AvailPageFile size 0M)
current process WorkingSet (physical memory assigned to process): 60M, peak: 60M
current process commit charge ("private bytes"): 209M, peak: 210M

vm_info: OpenJDK 64-Bit Server VM (11.0.11+9-b60-7590822) for windows-amd64 JRE (11.0.11+9-b60-7590822), built on Jul 29 2021 21:43:44 by "builder" with MS VC++ 14.0 (VS2015)

END.
