#
# There is insufficient memory for the Java Runtime Environment to continue.
# Native memory allocation (malloc) failed to allocate 1048576 bytes for AllocateHeap
# Possible reasons:
#   The system is out of physical RAM or swap space
#   The process is running with CompressedOops enabled, and the Java Heap may be blocking the growth of the native heap
# Possible solutions:
#   Reduce memory load on the system
#   Increase physical memory or swap space
#   Check if swap backing store is full
#   Decrease Java heap size (-Xmx/-Xms)
#   Decrease number of Java threads
#   Decrease Java thread stack sizes (-Xss)
#   Set larger code cache with -XX:ReservedCodeCacheSize=
#   JVM is running with Unscaled Compressed Oops mode in which the Java heap is
#     placed in the first 4GB address space. The Java Heap base address is the
#     maximum limit for the native heap growth. Please use -XX:HeapBaseMinAddress
#     to set the Java Heap base and to place the Java Heap above 4GB virtual address.
# This output file may be truncated or incomplete.
#
#  Out of Memory Error (allocation.cpp:44), pid=3664, tid=13968
#
# JRE version:  (16.0+36) (build )
# Java VM: Java HotSpot(TM) 64-Bit Server VM (16+36-2231, mixed mode, sharing, tiered, compressed oops, g1 gc, windows-amd64)
# No core dump will be written. Minidumps are not enabled by default on client versions of Windows
#

---------------  S U M M A R Y ------------

Command Line: -Dorg.gradle.appname=gradlew org.gradle.wrapper.GradleWrapperMain -q -Ptarget-platform=android-x86 -Ptarget=C:\Users\venu\Desktop\flutter\bs_calculator\lib\main.dart -Pdart-defines=Zmx1dHRlci5pbnNwZWN0b3Iuc3RydWN0dXJlZEVycm9ycz10cnVl,RkxVVFRFUl9XRUJfQVVUT19ERVRFQ1Q9dHJ1ZQ== -Pdart-obfuscation=false -Ptrack-widget-creation=true -Ptree-shake-icons=false -Pfilesystem-scheme=org-dartlang-root assembleDebug

Host: Intel(R) Core(TM) i5-9300H CPU @ 2.40GHz, 8 cores, 7G,  Windows 10 , 64 bit Build 22000 (10.0.22000.434)
Time: Sat Mar  5 20:53:23 2022 India Standard Time elapsed time: 0.014801 seconds (0d 0h 0m 0s)

---------------  T H R E A D  ---------------

Current thread (0x00000293b1ede190):  JavaThread "Unknown thread" [_thread_in_vm, id=13968, stack(0x000000b3ba300000,0x000000b3ba400000)]

Stack: [0x000000b3ba300000,0x000000b3ba400000]
Native frames: (J=compiled Java code, j=interpreted, Vv=VM code, C=native code)
V  [jvm.dll+0x6681da]
V  [jvm.dll+0x7c9d99]
V  [jvm.dll+0x7cb4d3]
V  [jvm.dll+0x7cbb33]
V  [jvm.dll+0x242ee5]
V  [jvm.dll+0xa8742]
V  [jvm.dll+0x2ce364]
V  [jvm.dll+0x79c65c]
V  [jvm.dll+0x3607b1]
V  [jvm.dll+0x77a370]
V  [jvm.dll+0x3e501f]
V  [jvm.dll+0x3e6af1]
C  [jli.dll+0x52fb]
C  [ucrtbase.dll+0x26c0c]
C  [KERNEL32.DLL+0x154e0]
C  [ntdll.dll+0x485b]


---------------  P R O C E S S  ---------------

Threads class SMR info:
_java_thread_list=0x00007ffc560dcbb8, length=0, elements={
}

Java Threads: ( => current thread )

Other Threads:

=>0x00000293b1ede190 (exited) JavaThread "Unknown thread" [_thread_in_vm, id=13968, stack(0x000000b3ba300000,0x000000b3ba400000)]

Threads with active compile tasks:

VM state: not at safepoint (not fully initialized)

VM Mutex/Monitor currently owned by a thread: None

Heap address: 0x0000000000000000, size: 0 MB, Compressed Oops mode: 32-bit
CDS archive(s) mapped at: [0x0000000000000000-0x0000000000000000-0x0000000000000000), size 0, SharedBaseAddress: 0x0000000800000000, ArchiveRelocationMode: 0.
Narrow klass base: 0x0000000000000000, Narrow klass shift: 0, Narrow klass range: 0x0

GC Precious Log:
<Empty>

GC Heap History (0 events):
No events

Deoptimization events (0 events):
No events

Classes unloaded (0 events):
No events

Classes redefined (0 events):
No events

Internal exceptions (0 events):
No events

Events (1 events):
Event: 0.009 Loaded shared library C:\Program Files\Java\jdk-16\bin\java.dll


Dynamic libraries:
0x00007ff6ad100000 - 0x00007ff6ad110000 	C:\Program Files\Java\jdk-16\bin\java.exe
0x00007ffcb4880000 - 0x00007ffcb4a89000 	C:\WINDOWS\SYSTEM32\ntdll.dll
0x00007ffcb3b30000 - 0x00007ffcb3bed000 	C:\WINDOWS\System32\KERNEL32.DLL
0x00007ffcb1de0000 - 0x00007ffcb2154000 	C:\WINDOWS\System32\KERNELBASE.dll
0x00007ffcb23d0000 - 0x00007ffcb24e1000 	C:\WINDOWS\System32\ucrtbase.dll
0x00007ffcad790000 - 0x00007ffcad7a9000 	C:\Program Files\Java\jdk-16\bin\VCRUNTIME140.dll
0x00007ffca8290000 - 0x00007ffca82a8000 	C:\Program Files\Java\jdk-16\bin\jli.dll
0x00007ffcb2720000 - 0x00007ffcb27ce000 	C:\WINDOWS\System32\ADVAPI32.dll
0x00007ffcb27d0000 - 0x00007ffcb2873000 	C:\WINDOWS\System32\msvcrt.dll
0x00007ffcb33e0000 - 0x00007ffcb347e000 	C:\WINDOWS\System32\sechost.dll
0x00007ffcb31b0000 - 0x00007ffcb32d0000 	C:\WINDOWS\System32\RPCRT4.dll
0x00007ffcb38f0000 - 0x00007ffcb3a9c000 	C:\WINDOWS\System32\USER32.dll
0x00007ffcb2200000 - 0x00007ffcb2226000 	C:\WINDOWS\System32\win32u.dll
0x00007ffca1140000 - 0x00007ffca13e5000 	C:\WINDOWS\WinSxS\amd64_microsoft.windows.common-controls_6595b64144ccf1df_6.0.22000.120_none_9d947278b86cc467\COMCTL32.dll
0x00007ffcb3090000 - 0x00007ffcb30b9000 	C:\WINDOWS\System32\GDI32.dll
0x00007ffcb2230000 - 0x00007ffcb2342000 	C:\WINDOWS\System32\gdi32full.dll
0x00007ffcb2160000 - 0x00007ffcb21fd000 	C:\WINDOWS\System32\msvcp_win.dll
0x00007ffcaa950000 - 0x00007ffcaa95a000 	C:\WINDOWS\SYSTEM32\VERSION.dll
0x00007ffcb3f20000 - 0x00007ffcb3f51000 	C:\WINDOWS\System32\IMM32.DLL
0x00007ffcaee40000 - 0x00007ffcaee4c000 	C:\Program Files\Java\jdk-16\bin\vcruntime140_1.dll
0x00007ffc76850000 - 0x00007ffc768e1000 	C:\Program Files\Java\jdk-16\bin\msvcp140.dll
0x00007ffc555d0000 - 0x00007ffc5617b000 	C:\Program Files\Java\jdk-16\bin\server\jvm.dll
0x00007ffcb3c60000 - 0x00007ffcb3c68000 	C:\WINDOWS\System32\PSAPI.DLL
0x00007ffcaee00000 - 0x00007ffcaee33000 	C:\WINDOWS\SYSTEM32\WINMM.dll
0x00007ffca7cb0000 - 0x00007ffca7cb9000 	C:\WINDOWS\SYSTEM32\WSOCK32.dll
0x00007ffcb3010000 - 0x00007ffcb307f000 	C:\WINDOWS\System32\WS2_32.dll
0x00007ffcb0f60000 - 0x00007ffcb0f78000 	C:\WINDOWS\SYSTEM32\kernel.appcore.dll
0x00007ffc9d8d0000 - 0x00007ffc9d8da000 	C:\Program Files\Java\jdk-16\bin\jimage.dll
0x00007ffcaf910000 - 0x00007ffcafb31000 	C:\WINDOWS\SYSTEM32\DBGHELP.DLL
0x00007ffc9a240000 - 0x00007ffc9a271000 	C:\WINDOWS\SYSTEM32\dbgcore.DLL
0x00007ffcb2350000 - 0x00007ffcb23cf000 	C:\WINDOWS\System32\bcryptPrimitives.dll
0x00007ffc839b0000 - 0x00007ffc839d5000 	C:\Program Files\Java\jdk-16\bin\java.dll

dbghelp: loaded successfully - version: 4.0.5 - missing functions: none
symbol engine: initialized successfully - sym options: 0x614 - pdb path: .;C:\Program Files\Java\jdk-16\bin;C:\WINDOWS\SYSTEM32;C:\WINDOWS\WinSxS\amd64_microsoft.windows.common-controls_6595b64144ccf1df_6.0.22000.120_none_9d947278b86cc467;C:\Program Files\Java\jdk-16\bin\server

VM Arguments:
jvm_args: -Dorg.gradle.appname=gradlew 
java_command: org.gradle.wrapper.GradleWrapperMain -q -Ptarget-platform=android-x86 -Ptarget=C:\Users\venu\Desktop\flutter\bs_calculator\lib\main.dart -Pdart-defines=Zmx1dHRlci5pbnNwZWN0b3Iuc3RydWN0dXJlZEVycm9ycz10cnVl,RkxVVFRFUl9XRUJfQVVUT19ERVRFQ1Q9dHJ1ZQ== -Pdart-obfuscation=false -Ptrack-widget-creation=true -Ptree-shake-icons=false -Pfilesystem-scheme=org-dartlang-root assembleDebug
java_class_path (initial): C:\Users\venu\Desktop\flutter\bs_calculator\android\\gradle\wrapper\gradle-wrapper.jar
Launcher Type: SUN_STANDARD

[Global flags]
     intx CICompilerCount                          = 4                                         {product} {ergonomic}
     uint ConcGCThreads                            = 2                                         {product} {ergonomic}
     uint G1ConcRefinementThreads                  = 8                                         {product} {ergonomic}
   size_t G1HeapRegionSize                         = 1048576                                   {product} {ergonomic}
    uintx GCDrainStackTargetSize                   = 64                                        {product} {ergonomic}
   size_t InitialHeapSize                          = 132120576                                 {product} {ergonomic}
   size_t MarkStackSize                            = 4194304                                   {product} {ergonomic}
   size_t MaxHeapSize                              = 2105540608                                {product} {ergonomic}
   size_t MinHeapDeltaBytes                        = 1048576                                   {product} {ergonomic}
   size_t MinHeapSize                              = 8388608                                   {product} {ergonomic}
    uintx NonNMethodCodeHeapSize                   = 5839372                                {pd product} {ergonomic}
    uintx NonProfiledCodeHeapSize                  = 122909434                              {pd product} {ergonomic}
    uintx ProfiledCodeHeapSize                     = 122909434                              {pd product} {ergonomic}
    uintx ReservedCodeCacheSize                    = 251658240                              {pd product} {ergonomic}
     bool SegmentedCodeCache                       = true                                      {product} {ergonomic}
   size_t SoftMaxHeapSize                          = 2105540608                             {manageable} {ergonomic}
     bool UseCompressedClassPointers               = true                           {product lp64_product} {ergonomic}
     bool UseCompressedOops                        = true                           {product lp64_product} {ergonomic}
     bool UseG1GC                                  = true                                      {product} {ergonomic}
     bool UseLargePagesIndividualAllocation        = false                                  {pd product} {ergonomic}

Logging:
Log output configuration:
 #0: stdout all=warning uptime,level,tags
 #1: stderr all=off uptime,level,tags

Environment Variables:
JAVA_HOME=C:\Program Files\Java\jdk-16
CLASSPATH=C:\Users\venu\Desktop\flutter\bs_calculator\android\\gradle\wrapper\gradle-wrapper.jar
PATH=C:\Users\venu\Scripts\;C:\Users\venu\;C:\Users\venu\Desktop\my class files\Scripts\;C:\Users\venu\Desktop\my class files\;C:\Program Files\Common Files\Oracle\Java\javapath;C:\oraclexe\app\oracle\product\11.2.0\server\bin;C:\Users\venu\Downloads\openjdk-14.0.2_windows-x64_bin\jdk-14.0.2\bin;C:\Windows\system32;C:\Windows;C:\Windows\System32\Wbem;C:\Windows\System32\WindowsPowerShell\v1.0\;C:\Windows\System32\OpenSSH\;C:\Program Files (x86)\NVIDIA Corporation\PhysX\Common;C:\Program Files\NVIDIA Corporation\NVIDIA NvDLISR;C:\TDM-GCC-32\bin;C:\Program Files\Git\cmd;C:\WINDOWS\system32;C:\WINDOWS;C:\WINDOWS\System32\Wbem;C:\WINDOWS\System32\WindowsPowerShell\v1.0\;C:\WINDOWS\System32\OpenSSH\;C:\src\flutter\bin;C:\Program Files\flutter\bin;"C:\Program Files\Java\jdk-16\bin;";C:\Users\venu\AppData\Local\Programs\Python\Launcher\;C:\Users\venu\AppData\Local\Programs\Microsoft VS Code\bin;C:\Users\venu\AppData\Local\Microsoft\WindowsApps;;C:\src\flutter\bin\mingit\cmd
USERNAME=venu
OS=Windows_NT
PROCESSOR_IDENTIFIER=Intel64 Family 6 Model 158 Stepping 13, GenuineIntel



---------------  S Y S T E M  ---------------

OS:
 Windows 10 , 64 bit Build 22000 (10.0.22000.434)
OS uptime: 13 days 3:28 hours

CPU: total 8 (initial active 8) (4 cores per cpu, 2 threads per core) family 6 model 158 stepping 13 microcode 0xde, cx8, cmov, fxsr, ht, mmx, 3dnowpref, sse, sse2, sse3, ssse3, sse4.1, sse4.2, popcnt, lzcnt, tsc, tscinvbit, avx, avx2, aes, erms, clmul, bmi1, bmi2, adx, fma, vzeroupper, clflush, clflushopt

Memory: 4k page, system-wide physical 8029M (92M free)
TotalPageFile size 29254M (AvailPageFile size 0M)
current process WorkingSet (physical memory assigned to process): 9M, peak: 9M
current process commit charge ("private bytes"): 18M, peak: 18M

vm_info: Java HotSpot(TM) 64-Bit Server VM (16+36-2231) for windows-amd64 JRE (16+36-2231), built on Feb  8 2021 11:43:10 by "mach5one" with MS VC++ 16.7 (VS2019)

END.
